{"C:\\Users\\lenovo\\Documents\\Hacktiv8\\PHASE-3\\nribun-BE\\server-mongodb\\app.js": {"path":"C:\\Users\\lenovo\\Documents\\Hacktiv8\\PHASE-3\\nribun-BE\\server-mongodb\\app.js","statementMap":{"0":{"start":{"line":1,"column":16},"end":{"line":1,"column":34}},"1":{"start":{"line":2,"column":15},"end":{"line":2,"column":34}},"2":{"start":{"line":3,"column":12},"end":{"line":3,"column":21}},"3":{"start":{"line":5,"column":0},"end":{"line":5,"column":44}},"4":{"start":{"line":6,"column":0},"end":{"line":6,"column":23}},"5":{"start":{"line":8,"column":0},"end":{"line":8,"column":19}},"6":{"start":{"line":9,"column":10},"end":{"line":9,"column":116}},"7":{"start":{"line":24,"column":0},"end":{"line":24,"column":20}}},"fnMap":{},"branchMap":{},"s":{"0":1,"1":1,"2":1,"3":1,"4":1,"5":1,"6":1,"7":1},"f":{},"b":{},"_coverageSchema":"1a1c01bbd47fc00a2c39e90264f33305004495a9","hash":"267f270f4d66866be34c66737176216743ef9c37"}
,"C:\\Users\\lenovo\\Documents\\Hacktiv8\\PHASE-3\\nribun-BE\\server-mongodb\\config\\connectionTest.js": {"path":"C:\\Users\\lenovo\\Documents\\Hacktiv8\\PHASE-3\\nribun-BE\\server-mongodb\\config\\connectionTest.js","statementMap":{"0":{"start":{"line":1,"column":17},"end":{"line":1,"column":36}},"1":{"start":{"line":2,"column":30},"end":{"line":2,"column":62}},"2":{"start":{"line":3,"column":24},"end":{"line":3,"column":42}},"3":{"start":{"line":8,"column":0},"end":{"line":12,"column":2}},"4":{"start":{"line":9,"column":2},"end":{"line":9,"column":49}},"5":{"start":{"line":10,"column":2},"end":{"line":10,"column":67}},"6":{"start":{"line":11,"column":2},"end":{"line":11,"column":25}},"7":{"start":{"line":14,"column":0},"end":{"line":18,"column":2}},"8":{"start":{"line":15,"column":2},"end":{"line":15,"column":43}},"9":{"start":{"line":16,"column":2},"end":{"line":16,"column":36}},"10":{"start":{"line":17,"column":2},"end":{"line":17,"column":27}},"11":{"start":{"line":20,"column":0},"end":{"line":20,"column":41}}},"fnMap":{"0":{"name":"(anonymous_0)","decl":{"start":{"line":8,"column":12},"end":{"line":8,"column":13}},"loc":{"start":{"line":8,"column":24},"end":{"line":12,"column":1}},"line":8},"1":{"name":"(anonymous_1)","decl":{"start":{"line":14,"column":15},"end":{"line":14,"column":16}},"loc":{"start":{"line":14,"column":27},"end":{"line":18,"column":1}},"line":14}},"branchMap":{},"s":{"0":1,"1":1,"2":1,"3":1,"4":0,"5":0,"6":0,"7":1,"8":0,"9":0,"10":0,"11":1},"f":{"0":0,"1":0},"b":{},"_coverageSchema":"1a1c01bbd47fc00a2c39e90264f33305004495a9","hash":"b702080ed5fdbd01b87443ffd9c3e6ee232964f5"}
,"C:\\Users\\lenovo\\Documents\\Hacktiv8\\PHASE-3\\nribun-BE\\server-mongodb\\config\\mongoConnection.js": {"path":"C:\\Users\\lenovo\\Documents\\Hacktiv8\\PHASE-3\\nribun-BE\\server-mongodb\\config\\mongoConnection.js","statementMap":{"0":{"start":{"line":1,"column":24},"end":{"line":1,"column":42}},"1":{"start":{"line":2,"column":12},"end":{"line":2,"column":111}},"2":{"start":{"line":3,"column":15},"end":{"line":3,"column":33}},"3":{"start":{"line":4,"column":15},"end":{"line":4,"column":35}},"4":{"start":{"line":8,"column":2},"end":{"line":20,"column":3}},"5":{"start":{"line":9,"column":4},"end":{"line":9,"column":27}},"6":{"start":{"line":11,"column":4},"end":{"line":13,"column":5}},"7":{"start":{"line":12,"column":6},"end":{"line":12,"column":38}},"8":{"start":{"line":14,"column":25},"end":{"line":14,"column":42}},"9":{"start":{"line":15,"column":4},"end":{"line":15,"column":38}},"10":{"start":{"line":16,"column":4},"end":{"line":16,"column":21}},"11":{"start":{"line":17,"column":4},"end":{"line":17,"column":23}},"12":{"start":{"line":19,"column":4},"end":{"line":19,"column":20}},"13":{"start":{"line":24,"column":2},"end":{"line":24,"column":11}},"14":{"start":{"line":26,"column":0},"end":{"line":26,"column":41}}},"fnMap":{"0":{"name":"connect","decl":{"start":{"line":7,"column":15},"end":{"line":7,"column":22}},"loc":{"start":{"line":7,"column":31},"end":{"line":21,"column":1}},"line":7},"1":{"name":"getDatabase","decl":{"start":{"line":23,"column":9},"end":{"line":23,"column":20}},"loc":{"start":{"line":23,"column":23},"end":{"line":25,"column":1}},"line":23}},"branchMap":{"0":{"loc":{"start":{"line":11,"column":4},"end":{"line":13,"column":5}},"type":"if","locations":[{"start":{"line":11,"column":4},"end":{"line":13,"column":5}},{"start":{},"end":{}}],"line":11}},"s":{"0":1,"1":1,"2":1,"3":1,"4":0,"5":0,"6":0,"7":0,"8":0,"9":0,"10":0,"11":0,"12":0,"13":0,"14":1},"f":{"0":0,"1":0},"b":{"0":[0,0]},"_coverageSchema":"1a1c01bbd47fc00a2c39e90264f33305004495a9","hash":"b8e85e225a507da2a6b626cffbe8d5b0b77a15c8"}
,"C:\\Users\\lenovo\\Documents\\Hacktiv8\\PHASE-3\\nribun-BE\\server-mongodb\\controllers\\adminController.js": {"path":"C:\\Users\\lenovo\\Documents\\Hacktiv8\\PHASE-3\\nribun-BE\\server-mongodb\\controllers\\adminController.js","statementMap":{"0":{"start":{"line":1,"column":39},"end":{"line":1,"column":67}},"1":{"start":{"line":2,"column":22},"end":{"line":2,"column":47}},"2":{"start":{"line":3,"column":14},"end":{"line":3,"column":40}},"3":{"start":{"line":8,"column":4},"end":{"line":13,"column":5}},"4":{"start":{"line":9,"column":19},"end":{"line":9,"column":37}},"5":{"start":{"line":10,"column":6},"end":{"line":10,"column":34}},"6":{"start":{"line":12,"column":6},"end":{"line":12,"column":41}},"7":{"start":{"line":16,"column":4},"end":{"line":32,"column":5}},"8":{"start":{"line":17,"column":40},"end":{"line":17,"column":48}},"9":{"start":{"line":18,"column":24},"end":{"line":18,"column":49}},"10":{"start":{"line":19,"column":6},"end":{"line":19,"column":35}},"11":{"start":{"line":20,"column":6},"end":{"line":20,"column":68}},"12":{"start":{"line":22,"column":6},"end":{"line":22,"column":24}},"13":{"start":{"line":23,"column":6},"end":{"line":30,"column":7}},"14":{"start":{"line":24,"column":23},"end":{"line":24,"column":74}},"15":{"start":{"line":24,"column":63},"end":{"line":24,"column":73}},"16":{"start":{"line":25,"column":8},"end":{"line":25,"column":53}},"17":{"start":{"line":26,"column":12},"end":{"line":30,"column":7}},"18":{"start":{"line":27,"column":8},"end":{"line":27,"column":62}},"19":{"start":{"line":29,"column":8},"end":{"line":29,"column":35}},"20":{"start":{"line":35,"column":4},"end":{"line":44,"column":5}},"21":{"start":{"line":36,"column":24},"end":{"line":36,"column":34}},"22":{"start":{"line":37,"column":19},"end":{"line":37,"column":48}},"23":{"start":{"line":38,"column":6},"end":{"line":40,"column":7}},"24":{"start":{"line":39,"column":8},"end":{"line":39,"column":66}},"25":{"start":{"line":41,"column":6},"end":{"line":41,"column":32}},"26":{"start":{"line":43,"column":6},"end":{"line":43,"column":41}},"27":{"start":{"line":47,"column":4},"end":{"line":60,"column":5}},"28":{"start":{"line":48,"column":24},"end":{"line":48,"column":34}},"29":{"start":{"line":49,"column":19},"end":{"line":49,"column":48}},"30":{"start":{"line":50,"column":6},"end":{"line":52,"column":7}},"31":{"start":{"line":51,"column":8},"end":{"line":51,"column":66}},"32":{"start":{"line":53,"column":26},"end":{"line":55,"column":8}},"33":{"start":{"line":56,"column":6},"end":{"line":56,"column":39}},"34":{"start":{"line":58,"column":6},"end":{"line":58,"column":24}},"35":{"start":{"line":59,"column":6},"end":{"line":59,"column":41}},"36":{"start":{"line":63,"column":4},"end":{"line":83,"column":5}},"37":{"start":{"line":64,"column":31},"end":{"line":64,"column":39}},"38":{"start":{"line":65,"column":6},"end":{"line":67,"column":7}},"39":{"start":{"line":66,"column":8},"end":{"line":66,"column":64}},"40":{"start":{"line":68,"column":24},"end":{"line":68,"column":48}},"41":{"start":{"line":69,"column":6},"end":{"line":71,"column":7}},"42":{"start":{"line":70,"column":8},"end":{"line":70,"column":72}},"43":{"start":{"line":72,"column":22},"end":{"line":72,"column":66}},"44":{"start":{"line":73,"column":6},"end":{"line":75,"column":7}},"45":{"start":{"line":74,"column":8},"end":{"line":74,"column":72}},"46":{"start":{"line":76,"column":22},"end":{"line":78,"column":7}},"47":{"start":{"line":79,"column":27},"end":{"line":79,"column":45}},"48":{"start":{"line":80,"column":6},"end":{"line":80,"column":42}},"49":{"start":{"line":82,"column":6},"end":{"line":82,"column":33}},"50":{"start":{"line":87,"column":0},"end":{"line":87,"column":27}}},"fnMap":{"0":{"name":"(anonymous_0)","decl":{"start":{"line":7,"column":2},"end":{"line":7,"column":3}},"loc":{"start":{"line":7,"column":35},"end":{"line":14,"column":3}},"line":7},"1":{"name":"(anonymous_1)","decl":{"start":{"line":15,"column":2},"end":{"line":15,"column":3}},"loc":{"start":{"line":15,"column":35},"end":{"line":33,"column":3}},"line":15},"2":{"name":"(anonymous_2)","decl":{"start":{"line":24,"column":55},"end":{"line":24,"column":56}},"loc":{"start":{"line":24,"column":63},"end":{"line":24,"column":73}},"line":24},"3":{"name":"(anonymous_3)","decl":{"start":{"line":34,"column":2},"end":{"line":34,"column":3}},"loc":{"start":{"line":34,"column":35},"end":{"line":45,"column":3}},"line":34},"4":{"name":"(anonymous_4)","decl":{"start":{"line":46,"column":2},"end":{"line":46,"column":3}},"loc":{"start":{"line":46,"column":36},"end":{"line":61,"column":3}},"line":46},"5":{"name":"(anonymous_5)","decl":{"start":{"line":62,"column":2},"end":{"line":62,"column":3}},"loc":{"start":{"line":62,"column":31},"end":{"line":84,"column":3}},"line":62}},"branchMap":{"0":{"loc":{"start":{"line":23,"column":6},"end":{"line":30,"column":7}},"type":"if","locations":[{"start":{"line":23,"column":6},"end":{"line":30,"column":7}},{"start":{"line":26,"column":12},"end":{"line":30,"column":7}}],"line":23},"1":{"loc":{"start":{"line":26,"column":12},"end":{"line":30,"column":7}},"type":"if","locations":[{"start":{"line":26,"column":12},"end":{"line":30,"column":7}},{"start":{"line":28,"column":12},"end":{"line":30,"column":7}}],"line":26},"2":{"loc":{"start":{"line":38,"column":6},"end":{"line":40,"column":7}},"type":"if","locations":[{"start":{"line":38,"column":6},"end":{"line":40,"column":7}},{"start":{},"end":{}}],"line":38},"3":{"loc":{"start":{"line":50,"column":6},"end":{"line":52,"column":7}},"type":"if","locations":[{"start":{"line":50,"column":6},"end":{"line":52,"column":7}},{"start":{},"end":{}}],"line":50},"4":{"loc":{"start":{"line":65,"column":6},"end":{"line":67,"column":7}},"type":"if","locations":[{"start":{"line":65,"column":6},"end":{"line":67,"column":7}},{"start":{},"end":{}}],"line":65},"5":{"loc":{"start":{"line":65,"column":9},"end":{"line":65,"column":28}},"type":"binary-expr","locations":[{"start":{"line":65,"column":9},"end":{"line":65,"column":15}},{"start":{"line":65,"column":19},"end":{"line":65,"column":28}}],"line":65},"6":{"loc":{"start":{"line":69,"column":6},"end":{"line":71,"column":7}},"type":"if","locations":[{"start":{"line":69,"column":6},"end":{"line":71,"column":7}},{"start":{},"end":{}}],"line":69},"7":{"loc":{"start":{"line":73,"column":6},"end":{"line":75,"column":7}},"type":"if","locations":[{"start":{"line":73,"column":6},"end":{"line":75,"column":7}},{"start":{},"end":{}}],"line":73}},"s":{"0":1,"1":1,"2":1,"3":2,"4":2,"5":1,"6":1,"7":5,"8":5,"9":5,"10":5,"11":2,"12":3,"13":3,"14":3,"15":3,"16":3,"17":0,"18":0,"19":0,"20":3,"21":3,"22":3,"23":2,"24":1,"25":1,"26":1,"27":1,"28":1,"29":1,"30":1,"31":0,"32":1,"33":1,"34":0,"35":0,"36":0,"37":0,"38":0,"39":0,"40":0,"41":0,"42":0,"43":0,"44":0,"45":0,"46":0,"47":0,"48":0,"49":0,"50":1},"f":{"0":2,"1":5,"2":3,"3":3,"4":1,"5":0},"b":{"0":[3,0],"1":[0,0],"2":[1,1],"3":[0,1],"4":[0,0],"5":[0,0],"6":[0,0],"7":[0,0]},"_coverageSchema":"1a1c01bbd47fc00a2c39e90264f33305004495a9","hash":"57fbeb5ab86c5c1db5e75a967a81321051bc9990"}
,"C:\\Users\\lenovo\\Documents\\Hacktiv8\\PHASE-3\\nribun-BE\\server-mongodb\\controllers\\newsController.js": {"path":"C:\\Users\\lenovo\\Documents\\Hacktiv8\\PHASE-3\\nribun-BE\\server-mongodb\\controllers\\newsController.js","statementMap":{"0":{"start":{"line":1,"column":13},"end":{"line":1,"column":38}},"1":{"start":{"line":5,"column":4},"end":{"line":10,"column":5}},"2":{"start":{"line":6,"column":19},"end":{"line":6,"column":39}},"3":{"start":{"line":7,"column":6},"end":{"line":7,"column":34}},"4":{"start":{"line":9,"column":6},"end":{"line":9,"column":33}},"5":{"start":{"line":13,"column":4},"end":{"line":24,"column":5}},"6":{"start":{"line":14,"column":56},"end":{"line":14,"column":64}},"7":{"start":{"line":15,"column":6},"end":{"line":17,"column":7}},"8":{"start":{"line":16,"column":8},"end":{"line":16,"column":64}},"9":{"start":{"line":18,"column":24},"end":{"line":18,"column":65}},"10":{"start":{"line":19,"column":6},"end":{"line":19,"column":34}},"11":{"start":{"line":20,"column":6},"end":{"line":20,"column":67}},"12":{"start":{"line":22,"column":6},"end":{"line":22,"column":24}},"13":{"start":{"line":23,"column":6},"end":{"line":23,"column":33}},"14":{"start":{"line":27,"column":4},"end":{"line":36,"column":5}},"15":{"start":{"line":28,"column":23},"end":{"line":28,"column":33}},"16":{"start":{"line":29,"column":19},"end":{"line":29,"column":41}},"17":{"start":{"line":30,"column":6},"end":{"line":32,"column":7}},"18":{"start":{"line":31,"column":8},"end":{"line":31,"column":65}},"19":{"start":{"line":33,"column":6},"end":{"line":33,"column":32}},"20":{"start":{"line":35,"column":6},"end":{"line":35,"column":33}},"21":{"start":{"line":39,"column":4},"end":{"line":49,"column":5}},"22":{"start":{"line":40,"column":23},"end":{"line":40,"column":33}},"23":{"start":{"line":41,"column":19},"end":{"line":41,"column":41}},"24":{"start":{"line":42,"column":6},"end":{"line":44,"column":7}},"25":{"start":{"line":43,"column":8},"end":{"line":43,"column":65}},"26":{"start":{"line":45,"column":6},"end":{"line":45,"column":28}},"27":{"start":{"line":46,"column":6},"end":{"line":46,"column":66}},"28":{"start":{"line":48,"column":6},"end":{"line":48,"column":33}},"29":{"start":{"line":53,"column":0},"end":{"line":53,"column":27}}},"fnMap":{"0":{"name":"(anonymous_0)","decl":{"start":{"line":4,"column":2},"end":{"line":4,"column":3}},"loc":{"start":{"line":4,"column":35},"end":{"line":11,"column":3}},"line":4},"1":{"name":"(anonymous_1)","decl":{"start":{"line":12,"column":2},"end":{"line":12,"column":3}},"loc":{"start":{"line":12,"column":35},"end":{"line":25,"column":3}},"line":12},"2":{"name":"(anonymous_2)","decl":{"start":{"line":26,"column":2},"end":{"line":26,"column":3}},"loc":{"start":{"line":26,"column":35},"end":{"line":37,"column":3}},"line":26},"3":{"name":"(anonymous_3)","decl":{"start":{"line":38,"column":2},"end":{"line":38,"column":3}},"loc":{"start":{"line":38,"column":36},"end":{"line":50,"column":3}},"line":38}},"branchMap":{"0":{"loc":{"start":{"line":15,"column":6},"end":{"line":17,"column":7}},"type":"if","locations":[{"start":{"line":15,"column":6},"end":{"line":17,"column":7}},{"start":{},"end":{}}],"line":15},"1":{"loc":{"start":{"line":15,"column":9},"end":{"line":15,"column":65}},"type":"binary-expr","locations":[{"start":{"line":15,"column":9},"end":{"line":15,"column":15}},{"start":{"line":15,"column":19},"end":{"line":15,"column":26}},{"start":{"line":15,"column":30},"end":{"line":15,"column":42}},{"start":{"line":15,"column":46},"end":{"line":15,"column":51}},{"start":{"line":15,"column":55},"end":{"line":15,"column":65}}],"line":15},"2":{"loc":{"start":{"line":30,"column":6},"end":{"line":32,"column":7}},"type":"if","locations":[{"start":{"line":30,"column":6},"end":{"line":32,"column":7}},{"start":{},"end":{}}],"line":30},"3":{"loc":{"start":{"line":42,"column":6},"end":{"line":44,"column":7}},"type":"if","locations":[{"start":{"line":42,"column":6},"end":{"line":44,"column":7}},{"start":{},"end":{}}],"line":42}},"s":{"0":1,"1":0,"2":0,"3":0,"4":0,"5":0,"6":0,"7":0,"8":0,"9":0,"10":0,"11":0,"12":0,"13":0,"14":0,"15":0,"16":0,"17":0,"18":0,"19":0,"20":0,"21":0,"22":0,"23":0,"24":0,"25":0,"26":0,"27":0,"28":0,"29":1},"f":{"0":0,"1":0,"2":0,"3":0},"b":{"0":[0,0],"1":[0,0,0,0,0],"2":[0,0],"3":[0,0]},"_coverageSchema":"1a1c01bbd47fc00a2c39e90264f33305004495a9","hash":"bc760c8151a9205221b48d99a8c62087ca81126d"}
,"C:\\Users\\lenovo\\Documents\\Hacktiv8\\PHASE-3\\nribun-BE\\server-mongodb\\helpers\\bcrypt.js": {"path":"C:\\Users\\lenovo\\Documents\\Hacktiv8\\PHASE-3\\nribun-BE\\server-mongodb\\helpers\\bcrypt.js","statementMap":{"0":{"start":{"line":1,"column":15},"end":{"line":1,"column":34}},"1":{"start":{"line":4,"column":15},"end":{"line":4,"column":40}},"2":{"start":{"line":5,"column":2},"end":{"line":5,"column":13}},"3":{"start":{"line":9,"column":18},"end":{"line":9,"column":51}},"4":{"start":{"line":10,"column":2},"end":{"line":10,"column":16}},"5":{"start":{"line":13,"column":0},"end":{"line":13,"column":47}}},"fnMap":{"0":{"name":"hashPassword","decl":{"start":{"line":3,"column":9},"end":{"line":3,"column":21}},"loc":{"start":{"line":3,"column":31},"end":{"line":6,"column":1}},"line":3},"1":{"name":"comparePassword","decl":{"start":{"line":8,"column":9},"end":{"line":8,"column":24}},"loc":{"start":{"line":8,"column":39},"end":{"line":11,"column":1}},"line":8}},"branchMap":{},"s":{"0":1,"1":7,"2":7,"3":0,"4":0,"5":1},"f":{"0":7,"1":0},"b":{},"_coverageSchema":"1a1c01bbd47fc00a2c39e90264f33305004495a9","hash":"ddad7a68b443dcb37eb6fb4ecc8227c5d82f5133"}
,"C:\\Users\\lenovo\\Documents\\Hacktiv8\\PHASE-3\\nribun-BE\\server-mongodb\\helpers\\jwt.js": {"path":"C:\\Users\\lenovo\\Documents\\Hacktiv8\\PHASE-3\\nribun-BE\\server-mongodb\\helpers\\jwt.js","statementMap":{"0":{"start":{"line":1,"column":12},"end":{"line":1,"column":35}},"1":{"start":{"line":3,"column":17},"end":{"line":3,"column":26}},"2":{"start":{"line":5,"column":18},"end":{"line":8,"column":1}},"3":{"start":{"line":6,"column":23},"end":{"line":6,"column":50}},"4":{"start":{"line":7,"column":2},"end":{"line":7,"column":21}},"5":{"start":{"line":10,"column":20},"end":{"line":13,"column":1}},"6":{"start":{"line":11,"column":18},"end":{"line":11,"column":52}},"7":{"start":{"line":12,"column":2},"end":{"line":12,"column":16}},"8":{"start":{"line":15,"column":0},"end":{"line":15,"column":40}}},"fnMap":{"0":{"name":"(anonymous_0)","decl":{"start":{"line":5,"column":18},"end":{"line":5,"column":19}},"loc":{"start":{"line":5,"column":31},"end":{"line":8,"column":1}},"line":5},"1":{"name":"(anonymous_1)","decl":{"start":{"line":10,"column":20},"end":{"line":10,"column":21}},"loc":{"start":{"line":10,"column":38},"end":{"line":13,"column":1}},"line":10}},"branchMap":{},"s":{"0":1,"1":1,"2":1,"3":0,"4":0,"5":1,"6":0,"7":0,"8":1},"f":{"0":0,"1":0},"b":{},"_coverageSchema":"1a1c01bbd47fc00a2c39e90264f33305004495a9","hash":"bac2f15113a85714b1e8905390f69ad9a5901d4a"}
,"C:\\Users\\lenovo\\Documents\\Hacktiv8\\PHASE-3\\nribun-BE\\server-mongodb\\models\\admin.js": {"path":"C:\\Users\\lenovo\\Documents\\Hacktiv8\\PHASE-3\\nribun-BE\\server-mongodb\\models\\admin.js","statementMap":{"0":{"start":{"line":1,"column":17},"end":{"line":1,"column":36}},"1":{"start":{"line":2,"column":18},"end":{"line":2,"column":38}},"2":{"start":{"line":3,"column":25},"end":{"line":3,"column":53}},"3":{"start":{"line":5,"column":20},"end":{"line":24,"column":2}},"4":{"start":{"line":15,"column":6},"end":{"line":17,"column":7}},"5":{"start":{"line":16,"column":8},"end":{"line":16,"column":40}},"6":{"start":{"line":26,"column":0},"end":{"line":30,"column":2}},"7":{"start":{"line":27,"column":16},"end":{"line":27,"column":20}},"8":{"start":{"line":28,"column":2},"end":{"line":28,"column":47}},"9":{"start":{"line":29,"column":2},"end":{"line":29,"column":8}},"10":{"start":{"line":32,"column":14},"end":{"line":32,"column":49}},"11":{"start":{"line":34,"column":0},"end":{"line":34,"column":22}}},"fnMap":{"0":{"name":"(anonymous_0)","decl":{"start":{"line":14,"column":4},"end":{"line":14,"column":5}},"loc":{"start":{"line":14,"column":19},"end":{"line":18,"column":5}},"line":14},"1":{"name":"(anonymous_1)","decl":{"start":{"line":26,"column":23},"end":{"line":26,"column":24}},"loc":{"start":{"line":26,"column":44},"end":{"line":30,"column":1}},"line":26}},"branchMap":{"0":{"loc":{"start":{"line":15,"column":6},"end":{"line":17,"column":7}},"type":"if","locations":[{"start":{"line":15,"column":6},"end":{"line":17,"column":7}},{"start":{},"end":{}}],"line":15}},"s":{"0":1,"1":1,"2":1,"3":1,"4":9,"5":0,"6":1,"7":7,"8":7,"9":7,"10":1,"11":1},"f":{"0":9,"1":7},"b":{"0":[0,9]},"_coverageSchema":"1a1c01bbd47fc00a2c39e90264f33305004495a9","hash":"6d563af8c4b2649e6ebc9c5030fe61ef3dab3208"}
,"C:\\Users\\lenovo\\Documents\\Hacktiv8\\PHASE-3\\nribun-BE\\server-mongodb\\models\\news.js": {"path":"C:\\Users\\lenovo\\Documents\\Hacktiv8\\PHASE-3\\nribun-BE\\server-mongodb\\models\\news.js","statementMap":{"0":{"start":{"line":1,"column":21},"end":{"line":1,"column":39}},"1":{"start":{"line":2,"column":24},"end":{"line":2,"column":60}},"2":{"start":{"line":6,"column":15},"end":{"line":6,"column":28}},"3":{"start":{"line":8,"column":17},"end":{"line":8,"column":38}},"4":{"start":{"line":10,"column":4},"end":{"line":10,"column":15}},"5":{"start":{"line":13,"column":4},"end":{"line":19,"column":5}},"6":{"start":{"line":14,"column":19},"end":{"line":14,"column":30}},"7":{"start":{"line":15,"column":21},"end":{"line":15,"column":48}},"8":{"start":{"line":16,"column":6},"end":{"line":16,"column":19}},"9":{"start":{"line":18,"column":6},"end":{"line":18,"column":17}},"10":{"start":{"line":22,"column":4},"end":{"line":28,"column":5}},"11":{"start":{"line":23,"column":19},"end":{"line":23,"column":30}},"12":{"start":{"line":24,"column":21},"end":{"line":24,"column":52}},"13":{"start":{"line":25,"column":6},"end":{"line":25,"column":19}},"14":{"start":{"line":27,"column":6},"end":{"line":27,"column":17}},"15":{"start":{"line":32,"column":4},"end":{"line":42,"column":5}},"16":{"start":{"line":33,"column":19},"end":{"line":33,"column":30}},"17":{"start":{"line":34,"column":21},"end":{"line":38,"column":8}},"18":{"start":{"line":39,"column":6},"end":{"line":39,"column":19}},"19":{"start":{"line":41,"column":6},"end":{"line":41,"column":17}},"20":{"start":{"line":46,"column":4},"end":{"line":54,"column":5}},"21":{"start":{"line":47,"column":19},"end":{"line":47,"column":30}},"22":{"start":{"line":48,"column":21},"end":{"line":50,"column":8}},"23":{"start":{"line":51,"column":6},"end":{"line":51,"column":19}},"24":{"start":{"line":53,"column":6},"end":{"line":53,"column":17}},"25":{"start":{"line":59,"column":0},"end":{"line":59,"column":21}}},"fnMap":{"0":{"name":"(anonymous_0)","decl":{"start":{"line":5,"column":2},"end":{"line":5,"column":3}},"loc":{"start":{"line":5,"column":16},"end":{"line":11,"column":3}},"line":5},"1":{"name":"(anonymous_1)","decl":{"start":{"line":12,"column":2},"end":{"line":12,"column":3}},"loc":{"start":{"line":12,"column":25},"end":{"line":20,"column":3}},"line":12},"2":{"name":"(anonymous_2)","decl":{"start":{"line":21,"column":2},"end":{"line":21,"column":3}},"loc":{"start":{"line":21,"column":33},"end":{"line":30,"column":3}},"line":21},"3":{"name":"(anonymous_3)","decl":{"start":{"line":31,"column":2},"end":{"line":31,"column":3}},"loc":{"start":{"line":31,"column":27},"end":{"line":44,"column":3}},"line":31},"4":{"name":"(anonymous_4)","decl":{"start":{"line":45,"column":2},"end":{"line":45,"column":3}},"loc":{"start":{"line":45,"column":26},"end":{"line":55,"column":3}},"line":45}},"branchMap":{},"s":{"0":1,"1":1,"2":0,"3":0,"4":0,"5":0,"6":0,"7":0,"8":0,"9":0,"10":0,"11":0,"12":0,"13":0,"14":0,"15":0,"16":0,"17":0,"18":0,"19":0,"20":0,"21":0,"22":0,"23":0,"24":0,"25":1},"f":{"0":0,"1":0,"2":0,"3":0,"4":0},"b":{},"_coverageSchema":"1a1c01bbd47fc00a2c39e90264f33305004495a9","hash":"705986d9b6b43b95357ed73d2c8f348c774c05cd"}
,"C:\\Users\\lenovo\\Documents\\Hacktiv8\\PHASE-3\\nribun-BE\\server-mongodb\\routes\\admin.js": {"path":"C:\\Users\\lenovo\\Documents\\Hacktiv8\\PHASE-3\\nribun-BE\\server-mongodb\\routes\\admin.js","statementMap":{"0":{"start":{"line":1,"column":16},"end":{"line":1,"column":34}},"1":{"start":{"line":2,"column":15},"end":{"line":2,"column":31}},"2":{"start":{"line":3,"column":24},"end":{"line":3,"column":65}},"3":{"start":{"line":5,"column":0},"end":{"line":5,"column":43}},"4":{"start":{"line":6,"column":0},"end":{"line":6,"column":43}},"5":{"start":{"line":7,"column":0},"end":{"line":7,"column":51}},"6":{"start":{"line":8,"column":0},"end":{"line":8,"column":53}},"7":{"start":{"line":11,"column":0},"end":{"line":11,"column":21}}},"fnMap":{},"branchMap":{},"s":{"0":1,"1":1,"2":1,"3":1,"4":1,"5":1,"6":1,"7":1},"f":{},"b":{},"_coverageSchema":"1a1c01bbd47fc00a2c39e90264f33305004495a9","hash":"9e358cb4aebf5f20a6ea83e2b6765f93b7228d6d"}
,"C:\\Users\\lenovo\\Documents\\Hacktiv8\\PHASE-3\\nribun-BE\\server-mongodb\\routes\\index.js": {"path":"C:\\Users\\lenovo\\Documents\\Hacktiv8\\PHASE-3\\nribun-BE\\server-mongodb\\routes\\index.js","statementMap":{"0":{"start":{"line":1,"column":16},"end":{"line":1,"column":34}},"1":{"start":{"line":2,"column":15},"end":{"line":2,"column":31}},"2":{"start":{"line":3,"column":19},"end":{"line":3,"column":36}},"3":{"start":{"line":4,"column":19},"end":{"line":4,"column":37}},"4":{"start":{"line":6,"column":0},"end":{"line":6,"column":30}},"5":{"start":{"line":7,"column":0},"end":{"line":7,"column":31}},"6":{"start":{"line":9,"column":0},"end":{"line":9,"column":23}}},"fnMap":{},"branchMap":{},"s":{"0":1,"1":1,"2":1,"3":1,"4":1,"5":1,"6":1},"f":{},"b":{},"_coverageSchema":"1a1c01bbd47fc00a2c39e90264f33305004495a9","hash":"16524cf406fec627093358603710103c72c621b9"}
,"C:\\Users\\lenovo\\Documents\\Hacktiv8\\PHASE-3\\nribun-BE\\server-mongodb\\routes\\news.js": {"path":"C:\\Users\\lenovo\\Documents\\Hacktiv8\\PHASE-3\\nribun-BE\\server-mongodb\\routes\\news.js","statementMap":{"0":{"start":{"line":1,"column":16},"end":{"line":1,"column":34}},"1":{"start":{"line":2,"column":15},"end":{"line":2,"column":31}},"2":{"start":{"line":3,"column":23},"end":{"line":3,"column":63}},"3":{"start":{"line":5,"column":0},"end":{"line":5,"column":42}},"4":{"start":{"line":6,"column":0},"end":{"line":6,"column":42}},"5":{"start":{"line":7,"column":0},"end":{"line":7,"column":49}},"6":{"start":{"line":8,"column":0},"end":{"line":8,"column":51}},"7":{"start":{"line":12,"column":0},"end":{"line":12,"column":23}}},"fnMap":{},"branchMap":{},"s":{"0":1,"1":1,"2":1,"3":1,"4":1,"5":1,"6":1,"7":1},"f":{},"b":{},"_coverageSchema":"1a1c01bbd47fc00a2c39e90264f33305004495a9","hash":"d9a3b62fcffe46de9dd771605c3850d680a11400"}
}
