{"C:\\Users\\lenovo\\Documents\\Hacktiv8\\PHASE-3\\nribun-BE\\server-mongodb\\app.js": {"path":"C:\\Users\\lenovo\\Documents\\Hacktiv8\\PHASE-3\\nribun-BE\\server-mongodb\\app.js","statementMap":{"0":{"start":{"line":1,"column":16},"end":{"line":1,"column":34}},"1":{"start":{"line":2,"column":15},"end":{"line":2,"column":34}},"2":{"start":{"line":3,"column":12},"end":{"line":3,"column":21}},"3":{"start":{"line":5,"column":0},"end":{"line":5,"column":44}},"4":{"start":{"line":6,"column":0},"end":{"line":6,"column":23}},"5":{"start":{"line":8,"column":0},"end":{"line":8,"column":19}},"6":{"start":{"line":9,"column":10},"end":{"line":9,"column":116}},"7":{"start":{"line":24,"column":0},"end":{"line":24,"column":20}}},"fnMap":{},"branchMap":{},"s":{"0":2,"1":2,"2":2,"3":2,"4":2,"5":2,"6":2,"7":2},"f":{},"b":{},"_coverageSchema":"1a1c01bbd47fc00a2c39e90264f33305004495a9","hash":"267f270f4d66866be34c66737176216743ef9c37"}
,"C:\\Users\\lenovo\\Documents\\Hacktiv8\\PHASE-3\\nribun-BE\\server-mongodb\\controllers\\adminController.js": {"path":"C:\\Users\\lenovo\\Documents\\Hacktiv8\\PHASE-3\\nribun-BE\\server-mongodb\\controllers\\adminController.js","statementMap":{"0":{"start":{"line":1,"column":39},"end":{"line":1,"column":67}},"1":{"start":{"line":2,"column":22},"end":{"line":2,"column":47}},"2":{"start":{"line":3,"column":14},"end":{"line":3,"column":40}},"3":{"start":{"line":8,"column":4},"end":{"line":13,"column":5}},"4":{"start":{"line":9,"column":19},"end":{"line":9,"column":37}},"5":{"start":{"line":10,"column":6},"end":{"line":10,"column":34}},"6":{"start":{"line":12,"column":6},"end":{"line":12,"column":41}},"7":{"start":{"line":16,"column":4},"end":{"line":30,"column":5}},"8":{"start":{"line":17,"column":40},"end":{"line":17,"column":48}},"9":{"start":{"line":18,"column":24},"end":{"line":18,"column":49}},"10":{"start":{"line":19,"column":6},"end":{"line":19,"column":35}},"11":{"start":{"line":20,"column":6},"end":{"line":20,"column":68}},"12":{"start":{"line":22,"column":6},"end":{"line":22,"column":24}},"13":{"start":{"line":23,"column":6},"end":{"line":29,"column":7}},"14":{"start":{"line":24,"column":23},"end":{"line":24,"column":74}},"15":{"start":{"line":24,"column":63},"end":{"line":24,"column":73}},"16":{"start":{"line":25,"column":8},"end":{"line":25,"column":53}},"17":{"start":{"line":28,"column":8},"end":{"line":28,"column":43}},"18":{"start":{"line":33,"column":4},"end":{"line":42,"column":5}},"19":{"start":{"line":34,"column":24},"end":{"line":34,"column":34}},"20":{"start":{"line":35,"column":19},"end":{"line":35,"column":48}},"21":{"start":{"line":36,"column":6},"end":{"line":38,"column":7}},"22":{"start":{"line":37,"column":8},"end":{"line":37,"column":66}},"23":{"start":{"line":39,"column":6},"end":{"line":39,"column":32}},"24":{"start":{"line":41,"column":6},"end":{"line":41,"column":41}},"25":{"start":{"line":45,"column":4},"end":{"line":54,"column":5}},"26":{"start":{"line":46,"column":24},"end":{"line":46,"column":34}},"27":{"start":{"line":47,"column":19},"end":{"line":47,"column":48}},"28":{"start":{"line":48,"column":26},"end":{"line":50,"column":8}},"29":{"start":{"line":51,"column":6},"end":{"line":51,"column":39}},"30":{"start":{"line":53,"column":6},"end":{"line":53,"column":41}},"31":{"start":{"line":57,"column":4},"end":{"line":78,"column":5}},"32":{"start":{"line":58,"column":31},"end":{"line":58,"column":39}},"33":{"start":{"line":60,"column":6},"end":{"line":62,"column":7}},"34":{"start":{"line":61,"column":8},"end":{"line":61,"column":64}},"35":{"start":{"line":63,"column":24},"end":{"line":63,"column":52}},"36":{"start":{"line":64,"column":6},"end":{"line":66,"column":7}},"37":{"start":{"line":65,"column":8},"end":{"line":65,"column":72}},"38":{"start":{"line":67,"column":22},"end":{"line":67,"column":66}},"39":{"start":{"line":68,"column":6},"end":{"line":70,"column":7}},"40":{"start":{"line":69,"column":8},"end":{"line":69,"column":72}},"41":{"start":{"line":71,"column":22},"end":{"line":73,"column":7}},"42":{"start":{"line":74,"column":27},"end":{"line":74,"column":45}},"43":{"start":{"line":75,"column":6},"end":{"line":75,"column":42}},"44":{"start":{"line":77,"column":6},"end":{"line":77,"column":41}},"45":{"start":{"line":82,"column":0},"end":{"line":82,"column":27}}},"fnMap":{"0":{"name":"(anonymous_0)","decl":{"start":{"line":7,"column":2},"end":{"line":7,"column":3}},"loc":{"start":{"line":7,"column":35},"end":{"line":14,"column":3}},"line":7},"1":{"name":"(anonymous_1)","decl":{"start":{"line":15,"column":2},"end":{"line":15,"column":3}},"loc":{"start":{"line":15,"column":35},"end":{"line":31,"column":3}},"line":15},"2":{"name":"(anonymous_2)","decl":{"start":{"line":24,"column":55},"end":{"line":24,"column":56}},"loc":{"start":{"line":24,"column":63},"end":{"line":24,"column":73}},"line":24},"3":{"name":"(anonymous_3)","decl":{"start":{"line":32,"column":2},"end":{"line":32,"column":3}},"loc":{"start":{"line":32,"column":35},"end":{"line":43,"column":3}},"line":32},"4":{"name":"(anonymous_4)","decl":{"start":{"line":44,"column":2},"end":{"line":44,"column":3}},"loc":{"start":{"line":44,"column":36},"end":{"line":55,"column":3}},"line":44},"5":{"name":"(anonymous_5)","decl":{"start":{"line":56,"column":2},"end":{"line":56,"column":3}},"loc":{"start":{"line":56,"column":31},"end":{"line":79,"column":3}},"line":56}},"branchMap":{"0":{"loc":{"start":{"line":23,"column":6},"end":{"line":29,"column":7}},"type":"if","locations":[{"start":{"line":23,"column":6},"end":{"line":29,"column":7}},{"start":{"line":26,"column":12},"end":{"line":29,"column":7}}],"line":23},"1":{"loc":{"start":{"line":36,"column":6},"end":{"line":38,"column":7}},"type":"if","locations":[{"start":{"line":36,"column":6},"end":{"line":38,"column":7}},{"start":{},"end":{}}],"line":36},"2":{"loc":{"start":{"line":60,"column":6},"end":{"line":62,"column":7}},"type":"if","locations":[{"start":{"line":60,"column":6},"end":{"line":62,"column":7}},{"start":{},"end":{}}],"line":60},"3":{"loc":{"start":{"line":60,"column":9},"end":{"line":60,"column":28}},"type":"binary-expr","locations":[{"start":{"line":60,"column":9},"end":{"line":60,"column":15}},{"start":{"line":60,"column":19},"end":{"line":60,"column":28}}],"line":60},"4":{"loc":{"start":{"line":64,"column":6},"end":{"line":66,"column":7}},"type":"if","locations":[{"start":{"line":64,"column":6},"end":{"line":66,"column":7}},{"start":{},"end":{}}],"line":64},"5":{"loc":{"start":{"line":68,"column":6},"end":{"line":70,"column":7}},"type":"if","locations":[{"start":{"line":68,"column":6},"end":{"line":70,"column":7}},{"start":{},"end":{}}],"line":68}},"s":{"0":2,"1":2,"2":2,"3":2,"4":2,"5":1,"6":1,"7":7,"8":7,"9":7,"10":7,"11":2,"12":5,"13":5,"14":4,"15":4,"16":4,"17":1,"18":3,"19":3,"20":3,"21":2,"22":1,"23":1,"24":1,"25":2,"26":2,"27":2,"28":2,"29":1,"30":1,"31":6,"32":6,"33":6,"34":2,"35":4,"36":3,"37":1,"38":2,"39":2,"40":1,"41":1,"42":1,"43":1,"44":1,"45":2},"f":{"0":2,"1":7,"2":4,"3":3,"4":2,"5":6},"b":{"0":[4,1],"1":[1,1],"2":[2,4],"3":[6,5],"4":[1,2],"5":[1,1]},"_coverageSchema":"1a1c01bbd47fc00a2c39e90264f33305004495a9","hash":"99a699d256e8decc757356f9e38a78aad5a7b15a"}
,"C:\\Users\\lenovo\\Documents\\Hacktiv8\\PHASE-3\\nribun-BE\\server-mongodb\\controllers\\newsController.js": {"path":"C:\\Users\\lenovo\\Documents\\Hacktiv8\\PHASE-3\\nribun-BE\\server-mongodb\\controllers\\newsController.js","statementMap":{"0":{"start":{"line":1,"column":13},"end":{"line":1,"column":38}},"1":{"start":{"line":5,"column":4},"end":{"line":10,"column":5}},"2":{"start":{"line":6,"column":19},"end":{"line":6,"column":36}},"3":{"start":{"line":7,"column":6},"end":{"line":7,"column":34}},"4":{"start":{"line":9,"column":6},"end":{"line":9,"column":41}},"5":{"start":{"line":13,"column":4},"end":{"line":20,"column":5}},"6":{"start":{"line":14,"column":19},"end":{"line":16,"column":15}},"7":{"start":{"line":17,"column":6},"end":{"line":17,"column":34}},"8":{"start":{"line":19,"column":6},"end":{"line":19,"column":41}},"9":{"start":{"line":23,"column":4},"end":{"line":39,"column":5}},"10":{"start":{"line":24,"column":51},"end":{"line":24,"column":59}},"11":{"start":{"line":28,"column":24},"end":{"line":28,"column":59}},"12":{"start":{"line":29,"column":6},"end":{"line":29,"column":34}},"13":{"start":{"line":30,"column":6},"end":{"line":30,"column":68}},"14":{"start":{"line":32,"column":6},"end":{"line":37,"column":7}},"15":{"start":{"line":33,"column":23},"end":{"line":33,"column":74}},"16":{"start":{"line":33,"column":63},"end":{"line":33,"column":73}},"17":{"start":{"line":34,"column":8},"end":{"line":34,"column":54}},"18":{"start":{"line":36,"column":8},"end":{"line":36,"column":43}},"19":{"start":{"line":42,"column":4},"end":{"line":51,"column":5}},"20":{"start":{"line":43,"column":25},"end":{"line":43,"column":35}},"21":{"start":{"line":44,"column":19},"end":{"line":44,"column":46}},"22":{"start":{"line":45,"column":6},"end":{"line":47,"column":7}},"23":{"start":{"line":46,"column":8},"end":{"line":46,"column":66}},"24":{"start":{"line":48,"column":6},"end":{"line":48,"column":32}},"25":{"start":{"line":50,"column":6},"end":{"line":50,"column":41}},"26":{"start":{"line":54,"column":4},"end":{"line":63,"column":5}},"27":{"start":{"line":55,"column":25},"end":{"line":55,"column":35}},"28":{"start":{"line":56,"column":19},"end":{"line":56,"column":46}},"29":{"start":{"line":57,"column":26},"end":{"line":59,"column":8}},"30":{"start":{"line":60,"column":6},"end":{"line":60,"column":39}},"31":{"start":{"line":62,"column":6},"end":{"line":62,"column":41}},"32":{"start":{"line":67,"column":0},"end":{"line":67,"column":27}}},"fnMap":{"0":{"name":"(anonymous_0)","decl":{"start":{"line":4,"column":2},"end":{"line":4,"column":3}},"loc":{"start":{"line":4,"column":37},"end":{"line":11,"column":3}},"line":4},"1":{"name":"(anonymous_1)","decl":{"start":{"line":12,"column":2},"end":{"line":12,"column":3}},"loc":{"start":{"line":12,"column":41},"end":{"line":21,"column":3}},"line":12},"2":{"name":"(anonymous_2)","decl":{"start":{"line":22,"column":2},"end":{"line":22,"column":3}},"loc":{"start":{"line":22,"column":36},"end":{"line":40,"column":3}},"line":22},"3":{"name":"(anonymous_3)","decl":{"start":{"line":33,"column":55},"end":{"line":33,"column":56}},"loc":{"start":{"line":33,"column":63},"end":{"line":33,"column":73}},"line":33},"4":{"name":"(anonymous_4)","decl":{"start":{"line":41,"column":2},"end":{"line":41,"column":3}},"loc":{"start":{"line":41,"column":37},"end":{"line":52,"column":3}},"line":41},"5":{"name":"(anonymous_5)","decl":{"start":{"line":53,"column":2},"end":{"line":53,"column":3}},"loc":{"start":{"line":53,"column":36},"end":{"line":64,"column":3}},"line":53}},"branchMap":{"0":{"loc":{"start":{"line":32,"column":6},"end":{"line":37,"column":7}},"type":"if","locations":[{"start":{"line":32,"column":6},"end":{"line":37,"column":7}},{"start":{"line":35,"column":13},"end":{"line":37,"column":7}}],"line":32},"1":{"loc":{"start":{"line":45,"column":6},"end":{"line":47,"column":7}},"type":"if","locations":[{"start":{"line":45,"column":6},"end":{"line":47,"column":7}},{"start":{},"end":{}}],"line":45}},"s":{"0":2,"1":2,"2":2,"3":1,"4":1,"5":2,"6":2,"7":1,"8":1,"9":6,"10":6,"11":6,"12":6,"13":1,"14":5,"15":4,"16":4,"17":4,"18":1,"19":3,"20":3,"21":3,"22":2,"23":1,"24":1,"25":1,"26":2,"27":2,"28":2,"29":2,"30":1,"31":1,"32":2},"f":{"0":2,"1":2,"2":6,"3":4,"4":3,"5":2},"b":{"0":[4,1],"1":[1,1]},"_coverageSchema":"1a1c01bbd47fc00a2c39e90264f33305004495a9","hash":"5a8bcd10d0507a690bd3cf0908b8e72b333ee9ca"}
,"C:\\Users\\lenovo\\Documents\\Hacktiv8\\PHASE-3\\nribun-BE\\server-mongodb\\helpers\\bcrypt.js": {"path":"C:\\Users\\lenovo\\Documents\\Hacktiv8\\PHASE-3\\nribun-BE\\server-mongodb\\helpers\\bcrypt.js","statementMap":{"0":{"start":{"line":1,"column":15},"end":{"line":1,"column":34}},"1":{"start":{"line":4,"column":15},"end":{"line":4,"column":40}},"2":{"start":{"line":5,"column":2},"end":{"line":5,"column":13}},"3":{"start":{"line":9,"column":18},"end":{"line":9,"column":51}},"4":{"start":{"line":10,"column":2},"end":{"line":10,"column":16}},"5":{"start":{"line":13,"column":0},"end":{"line":13,"column":47}}},"fnMap":{"0":{"name":"hashPassword","decl":{"start":{"line":3,"column":9},"end":{"line":3,"column":21}},"loc":{"start":{"line":3,"column":31},"end":{"line":6,"column":1}},"line":3},"1":{"name":"comparePassword","decl":{"start":{"line":8,"column":9},"end":{"line":8,"column":24}},"loc":{"start":{"line":8,"column":39},"end":{"line":11,"column":1}},"line":8}},"branchMap":{},"s":{"0":2,"1":15,"2":15,"3":2,"4":2,"5":2},"f":{"0":15,"1":2},"b":{},"_coverageSchema":"1a1c01bbd47fc00a2c39e90264f33305004495a9","hash":"ddad7a68b443dcb37eb6fb4ecc8227c5d82f5133"}
,"C:\\Users\\lenovo\\Documents\\Hacktiv8\\PHASE-3\\nribun-BE\\server-mongodb\\helpers\\jwt.js": {"path":"C:\\Users\\lenovo\\Documents\\Hacktiv8\\PHASE-3\\nribun-BE\\server-mongodb\\helpers\\jwt.js","statementMap":{"0":{"start":{"line":1,"column":12},"end":{"line":1,"column":35}},"1":{"start":{"line":3,"column":17},"end":{"line":3,"column":26}},"2":{"start":{"line":5,"column":18},"end":{"line":8,"column":1}},"3":{"start":{"line":6,"column":23},"end":{"line":6,"column":50}},"4":{"start":{"line":7,"column":2},"end":{"line":7,"column":21}},"5":{"start":{"line":10,"column":20},"end":{"line":13,"column":1}},"6":{"start":{"line":11,"column":18},"end":{"line":11,"column":52}},"7":{"start":{"line":12,"column":2},"end":{"line":12,"column":16}},"8":{"start":{"line":15,"column":0},"end":{"line":15,"column":40}}},"fnMap":{"0":{"name":"(anonymous_0)","decl":{"start":{"line":5,"column":18},"end":{"line":5,"column":19}},"loc":{"start":{"line":5,"column":31},"end":{"line":8,"column":1}},"line":5},"1":{"name":"(anonymous_1)","decl":{"start":{"line":10,"column":20},"end":{"line":10,"column":21}},"loc":{"start":{"line":10,"column":38},"end":{"line":13,"column":1}},"line":10}},"branchMap":{},"s":{"0":2,"1":2,"2":2,"3":2,"4":2,"5":2,"6":1,"7":1,"8":2},"f":{"0":2,"1":1},"b":{},"_coverageSchema":"1a1c01bbd47fc00a2c39e90264f33305004495a9","hash":"bac2f15113a85714b1e8905390f69ad9a5901d4a"}
,"C:\\Users\\lenovo\\Documents\\Hacktiv8\\PHASE-3\\nribun-BE\\server-mongodb\\models\\admin.js": {"path":"C:\\Users\\lenovo\\Documents\\Hacktiv8\\PHASE-3\\nribun-BE\\server-mongodb\\models\\admin.js","statementMap":{"0":{"start":{"line":1,"column":17},"end":{"line":1,"column":36}},"1":{"start":{"line":2,"column":18},"end":{"line":2,"column":38}},"2":{"start":{"line":3,"column":25},"end":{"line":3,"column":53}},"3":{"start":{"line":5,"column":20},"end":{"line":24,"column":2}},"4":{"start":{"line":15,"column":6},"end":{"line":17,"column":7}},"5":{"start":{"line":16,"column":8},"end":{"line":16,"column":40}},"6":{"start":{"line":26,"column":0},"end":{"line":30,"column":2}},"7":{"start":{"line":27,"column":16},"end":{"line":27,"column":20}},"8":{"start":{"line":28,"column":2},"end":{"line":28,"column":47}},"9":{"start":{"line":29,"column":2},"end":{"line":29,"column":8}},"10":{"start":{"line":32,"column":14},"end":{"line":32,"column":49}},"11":{"start":{"line":34,"column":0},"end":{"line":34,"column":22}}},"fnMap":{"0":{"name":"(anonymous_0)","decl":{"start":{"line":14,"column":4},"end":{"line":14,"column":5}},"loc":{"start":{"line":14,"column":19},"end":{"line":18,"column":5}},"line":14},"1":{"name":"(anonymous_1)","decl":{"start":{"line":26,"column":23},"end":{"line":26,"column":24}},"loc":{"start":{"line":26,"column":44},"end":{"line":30,"column":1}},"line":26}},"branchMap":{"0":{"loc":{"start":{"line":15,"column":6},"end":{"line":17,"column":7}},"type":"if","locations":[{"start":{"line":15,"column":6},"end":{"line":17,"column":7}},{"start":{},"end":{}}],"line":15}},"s":{"0":2,"1":2,"2":2,"3":2,"4":18,"5":1,"6":2,"7":15,"8":15,"9":15,"10":2,"11":2},"f":{"0":18,"1":15},"b":{"0":[1,17]},"_coverageSchema":"1a1c01bbd47fc00a2c39e90264f33305004495a9","hash":"6d563af8c4b2649e6ebc9c5030fe61ef3dab3208"}
,"C:\\Users\\lenovo\\Documents\\Hacktiv8\\PHASE-3\\nribun-BE\\server-mongodb\\models\\news.js": {"path":"C:\\Users\\lenovo\\Documents\\Hacktiv8\\PHASE-3\\nribun-BE\\server-mongodb\\models\\news.js","statementMap":{"0":{"start":{"line":1,"column":17},"end":{"line":1,"column":36}},"1":{"start":{"line":3,"column":19},"end":{"line":25,"column":1}},"2":{"start":{"line":27,"column":13},"end":{"line":27,"column":46}},"3":{"start":{"line":29,"column":0},"end":{"line":29,"column":21}}},"fnMap":{},"branchMap":{},"s":{"0":2,"1":2,"2":2,"3":2},"f":{},"b":{},"_coverageSchema":"1a1c01bbd47fc00a2c39e90264f33305004495a9","hash":"3588b9626ebeabf542009e703175eb714e740c9a"}
,"C:\\Users\\lenovo\\Documents\\Hacktiv8\\PHASE-3\\nribun-BE\\server-mongodb\\routes\\admin.js": {"path":"C:\\Users\\lenovo\\Documents\\Hacktiv8\\PHASE-3\\nribun-BE\\server-mongodb\\routes\\admin.js","statementMap":{"0":{"start":{"line":1,"column":16},"end":{"line":1,"column":34}},"1":{"start":{"line":2,"column":15},"end":{"line":2,"column":31}},"2":{"start":{"line":3,"column":24},"end":{"line":3,"column":65}},"3":{"start":{"line":5,"column":0},"end":{"line":5,"column":45}},"4":{"start":{"line":6,"column":0},"end":{"line":6,"column":43}},"5":{"start":{"line":7,"column":0},"end":{"line":7,"column":43}},"6":{"start":{"line":8,"column":0},"end":{"line":8,"column":51}},"7":{"start":{"line":9,"column":0},"end":{"line":9,"column":53}},"8":{"start":{"line":12,"column":0},"end":{"line":12,"column":21}}},"fnMap":{},"branchMap":{},"s":{"0":2,"1":2,"2":2,"3":2,"4":2,"5":2,"6":2,"7":2,"8":2},"f":{},"b":{},"_coverageSchema":"1a1c01bbd47fc00a2c39e90264f33305004495a9","hash":"d1e8f806718e1ad7dd218f470c5e9451299f813c"}
,"C:\\Users\\lenovo\\Documents\\Hacktiv8\\PHASE-3\\nribun-BE\\server-mongodb\\routes\\index.js": {"path":"C:\\Users\\lenovo\\Documents\\Hacktiv8\\PHASE-3\\nribun-BE\\server-mongodb\\routes\\index.js","statementMap":{"0":{"start":{"line":1,"column":16},"end":{"line":1,"column":34}},"1":{"start":{"line":2,"column":15},"end":{"line":2,"column":31}},"2":{"start":{"line":3,"column":19},"end":{"line":3,"column":36}},"3":{"start":{"line":4,"column":19},"end":{"line":4,"column":37}},"4":{"start":{"line":5,"column":24},"end":{"line":5,"column":65}},"5":{"start":{"line":8,"column":0},"end":{"line":8,"column":30}},"6":{"start":{"line":9,"column":0},"end":{"line":9,"column":31}},"7":{"start":{"line":11,"column":0},"end":{"line":11,"column":23}}},"fnMap":{},"branchMap":{},"s":{"0":2,"1":2,"2":2,"3":2,"4":2,"5":2,"6":2,"7":2},"f":{},"b":{},"_coverageSchema":"1a1c01bbd47fc00a2c39e90264f33305004495a9","hash":"1b8e943df2e6a01e638092274d00f84b6f0155bd"}
,"C:\\Users\\lenovo\\Documents\\Hacktiv8\\PHASE-3\\nribun-BE\\server-mongodb\\routes\\news.js": {"path":"C:\\Users\\lenovo\\Documents\\Hacktiv8\\PHASE-3\\nribun-BE\\server-mongodb\\routes\\news.js","statementMap":{"0":{"start":{"line":1,"column":16},"end":{"line":1,"column":34}},"1":{"start":{"line":2,"column":15},"end":{"line":2,"column":31}},"2":{"start":{"line":3,"column":23},"end":{"line":3,"column":63}},"3":{"start":{"line":5,"column":0},"end":{"line":5,"column":42}},"4":{"start":{"line":6,"column":0},"end":{"line":6,"column":51}},"5":{"start":{"line":7,"column":0},"end":{"line":7,"column":42}},"6":{"start":{"line":8,"column":0},"end":{"line":8,"column":49}},"7":{"start":{"line":9,"column":0},"end":{"line":9,"column":51}},"8":{"start":{"line":13,"column":0},"end":{"line":13,"column":23}}},"fnMap":{},"branchMap":{},"s":{"0":2,"1":2,"2":2,"3":2,"4":2,"5":2,"6":2,"7":2,"8":2},"f":{},"b":{},"_coverageSchema":"1a1c01bbd47fc00a2c39e90264f33305004495a9","hash":"ff2bcb2b2f2ab7751a4b6ca44ba4661c049c2238"}
}
