TN:
SF:app.js
FNF:0
FNH:0
DA:1,2
DA:2,2
DA:3,2
DA:5,2
DA:6,2
DA:8,2
DA:9,2
DA:24,2
LF:8
LH:8
BRF:0
BRH:0
end_of_record
TN:
SF:controllers\adminController.js
FN:7,(anonymous_0)
FN:15,(anonymous_1)
FN:24,(anonymous_2)
FN:32,(anonymous_3)
FN:44,(anonymous_4)
FN:56,(anonymous_5)
FNF:6
FNH:6
FNDA:2,(anonymous_0)
FNDA:7,(anonymous_1)
FNDA:4,(anonymous_2)
FNDA:3,(anonymous_3)
FNDA:2,(anonymous_4)
FNDA:6,(anonymous_5)
DA:1,2
DA:2,2
DA:3,2
DA:8,2
DA:9,2
DA:10,1
DA:12,1
DA:16,7
DA:17,7
DA:18,7
DA:19,7
DA:20,2
DA:22,5
DA:23,5
DA:24,4
DA:25,4
DA:28,1
DA:33,3
DA:34,3
DA:35,3
DA:36,2
DA:37,1
DA:39,1
DA:41,1
DA:45,2
DA:46,2
DA:47,2
DA:48,2
DA:51,1
DA:53,1
DA:57,6
DA:58,6
DA:60,6
DA:61,2
DA:63,4
DA:64,3
DA:65,1
DA:67,2
DA:68,2
DA:69,1
DA:71,1
DA:74,1
DA:75,1
DA:77,1
DA:82,2
LF:45
LH:45
BRDA:23,0,0,4
BRDA:23,0,1,1
BRDA:36,1,0,1
BRDA:36,1,1,1
BRDA:60,2,0,2
BRDA:60,2,1,4
BRDA:60,3,0,6
BRDA:60,3,1,5
BRDA:64,4,0,1
BRDA:64,4,1,2
BRDA:68,5,0,1
BRDA:68,5,1,1
BRF:12
BRH:12
end_of_record
TN:
SF:controllers\newsController.js
FN:4,(anonymous_0)
FN:12,(anonymous_1)
FN:22,(anonymous_2)
FN:33,(anonymous_3)
FN:41,(anonymous_4)
FN:53,(anonymous_5)
FNF:6
FNH:5
FNDA:2,(anonymous_0)
FNDA:0,(anonymous_1)
FNDA:6,(anonymous_2)
FNDA:4,(anonymous_3)
FNDA:3,(anonymous_4)
FNDA:2,(anonymous_5)
DA:1,2
DA:5,2
DA:6,2
DA:7,1
DA:9,1
DA:13,0
DA:14,0
DA:17,0
DA:19,0
DA:23,6
DA:24,6
DA:28,6
DA:29,6
DA:30,1
DA:32,5
DA:33,4
DA:34,4
DA:36,1
DA:42,3
DA:43,3
DA:44,3
DA:45,2
DA:46,1
DA:48,1
DA:50,1
DA:54,2
DA:55,2
DA:56,2
DA:57,2
DA:60,1
DA:62,1
DA:67,2
LF:32
LH:28
BRDA:32,0,0,4
BRDA:32,0,1,1
BRDA:45,1,0,1
BRDA:45,1,1,1
BRF:4
BRH:4
end_of_record
TN:
SF:helpers\bcrypt.js
FN:3,hashPassword
FN:8,comparePassword
FNF:2
FNH:2
FNDA:15,hashPassword
FNDA:2,comparePassword
DA:1,2
DA:4,15
DA:5,15
DA:9,2
DA:10,2
DA:13,2
LF:6
LH:6
BRF:0
BRH:0
end_of_record
TN:
SF:helpers\jwt.js
FN:5,(anonymous_0)
FN:10,(anonymous_1)
FNF:2
FNH:2
FNDA:2,(anonymous_0)
FNDA:1,(anonymous_1)
DA:1,2
DA:3,2
DA:5,2
DA:6,2
DA:7,2
DA:10,2
DA:11,1
DA:12,1
DA:15,2
LF:9
LH:9
BRF:0
BRH:0
end_of_record
TN:
SF:models\admin.js
FN:14,(anonymous_0)
FN:26,(anonymous_1)
FNF:2
FNH:2
FNDA:18,(anonymous_0)
FNDA:15,(anonymous_1)
DA:1,2
DA:2,2
DA:3,2
DA:5,2
DA:15,18
DA:16,1
DA:26,2
DA:27,15
DA:28,15
DA:29,15
DA:32,2
DA:34,2
LF:12
LH:12
BRDA:15,0,0,1
BRDA:15,0,1,17
BRF:2
BRH:2
end_of_record
TN:
SF:models\news.js
FNF:0
FNH:0
DA:1,2
DA:3,2
DA:27,2
DA:29,2
LF:4
LH:4
BRF:0
BRH:0
end_of_record
TN:
SF:routes\admin.js
FNF:0
FNH:0
DA:1,2
DA:2,2
DA:3,2
DA:5,2
DA:6,2
DA:7,2
DA:8,2
DA:9,2
DA:12,2
LF:9
LH:9
BRF:0
BRH:0
end_of_record
TN:
SF:routes\index.js
FNF:0
FNH:0
DA:1,2
DA:2,2
DA:3,2
DA:4,2
DA:5,2
DA:8,2
DA:9,2
DA:11,2
LF:8
LH:8
BRF:0
BRH:0
end_of_record
TN:
SF:routes\news.js
FNF:0
FNH:0
DA:1,2
DA:2,2
DA:3,2
DA:5,2
DA:6,2
DA:7,2
DA:8,2
DA:9,2
DA:13,2
LF:9
LH:9
BRF:0
BRH:0
end_of_record
