{"C:\\Users\\lenovo\\Documents\\Hacktiv8\\PHASE-3\\nribun-BE\\server-postgre\\app.js": {"path":"C:\\Users\\lenovo\\Documents\\Hacktiv8\\PHASE-3\\nribun-BE\\server-postgre\\app.js","statementMap":{"0":{"start":{"line":1,"column":0},"end":{"line":1,"column":70}},"1":{"start":{"line":1,"column":43},"end":{"line":1,"column":70}},"2":{"start":{"line":2,"column":13},"end":{"line":2,"column":28}},"3":{"start":{"line":3,"column":16},"end":{"line":3,"column":34}},"4":{"start":{"line":4,"column":21},"end":{"line":4,"column":58}},"5":{"start":{"line":5,"column":12},"end":{"line":5,"column":21}},"6":{"start":{"line":6,"column":15},"end":{"line":6,"column":34}},"7":{"start":{"line":8,"column":0},"end":{"line":8,"column":15}},"8":{"start":{"line":9,"column":0},"end":{"line":9,"column":44}},"9":{"start":{"line":10,"column":0},"end":{"line":10,"column":23}},"10":{"start":{"line":11,"column":0},"end":{"line":11,"column":19}},"11":{"start":{"line":12,"column":0},"end":{"line":12,"column":21}},"12":{"start":{"line":15,"column":0},"end":{"line":15,"column":20}}},"fnMap":{},"branchMap":{"0":{"loc":{"start":{"line":1,"column":0},"end":{"line":1,"column":70}},"type":"if","locations":[{"start":{"line":1,"column":0},"end":{"line":1,"column":70}},{"start":{},"end":{}}],"line":1}},"s":{"0":1,"1":1,"2":1,"3":1,"4":1,"5":1,"6":1,"7":1,"8":1,"9":1,"10":1,"11":1,"12":1},"f":{},"b":{"0":[1,0]},"_coverageSchema":"1a1c01bbd47fc00a2c39e90264f33305004495a9","hash":"390583ea67f6b4db4366ae0cf0d64660e95031ea"}
,"C:\\Users\\lenovo\\Documents\\Hacktiv8\\PHASE-3\\nribun-BE\\server-postgre\\controllers\\matchController.js": {"path":"C:\\Users\\lenovo\\Documents\\Hacktiv8\\PHASE-3\\nribun-BE\\server-postgre\\controllers\\matchController.js","statementMap":{"0":{"start":{"line":1,"column":16},"end":{"line":1,"column":36}},"1":{"start":{"line":5,"column":4},"end":{"line":12,"column":5}},"2":{"start":{"line":6,"column":22},"end":{"line":8,"column":8}},"3":{"start":{"line":9,"column":6},"end":{"line":9,"column":35}},"4":{"start":{"line":11,"column":6},"end":{"line":11,"column":17}},"5":{"start":{"line":15,"column":4},"end":{"line":26,"column":5}},"6":{"start":{"line":16,"column":22},"end":{"line":22,"column":8}},"7":{"start":{"line":23,"column":6},"end":{"line":23,"column":38}},"8":{"start":{"line":25,"column":6},"end":{"line":25,"column":17}},"9":{"start":{"line":29,"column":4},"end":{"line":38,"column":5}},"10":{"start":{"line":30,"column":24},"end":{"line":30,"column":34}},"11":{"start":{"line":31,"column":20},"end":{"line":31,"column":49}},"12":{"start":{"line":32,"column":6},"end":{"line":34,"column":7}},"13":{"start":{"line":33,"column":8},"end":{"line":33,"column":40}},"14":{"start":{"line":35,"column":6},"end":{"line":35,"column":33}},"15":{"start":{"line":37,"column":6},"end":{"line":37,"column":17}},"16":{"start":{"line":41,"column":4},"end":{"line":47,"column":5}},"17":{"start":{"line":42,"column":48},"end":{"line":42,"column":56}},"18":{"start":{"line":43,"column":6},"end":{"line":43,"column":59}},"19":{"start":{"line":44,"column":6},"end":{"line":44,"column":48}},"20":{"start":{"line":46,"column":6},"end":{"line":46,"column":17}},"21":{"start":{"line":50,"column":4},"end":{"line":65,"column":5}},"22":{"start":{"line":51,"column":24},"end":{"line":51,"column":34}},"23":{"start":{"line":52,"column":23},"end":{"line":52,"column":31}},"24":{"start":{"line":53,"column":25},"end":{"line":53,"column":54}},"25":{"start":{"line":54,"column":6},"end":{"line":56,"column":7}},"26":{"start":{"line":55,"column":8},"end":{"line":55,"column":40}},"27":{"start":{"line":57,"column":6},"end":{"line":61,"column":8}},"28":{"start":{"line":62,"column":6},"end":{"line":62,"column":62}},"29":{"start":{"line":64,"column":6},"end":{"line":64,"column":17}},"30":{"start":{"line":69,"column":0},"end":{"line":69,"column":27}}},"fnMap":{"0":{"name":"(anonymous_0)","decl":{"start":{"line":4,"column":2},"end":{"line":4,"column":3}},"loc":{"start":{"line":4,"column":37},"end":{"line":13,"column":3}},"line":4},"1":{"name":"(anonymous_1)","decl":{"start":{"line":14,"column":2},"end":{"line":14,"column":3}},"loc":{"start":{"line":14,"column":37},"end":{"line":27,"column":3}},"line":14},"2":{"name":"(anonymous_2)","decl":{"start":{"line":28,"column":2},"end":{"line":28,"column":3}},"loc":{"start":{"line":28,"column":39},"end":{"line":39,"column":3}},"line":28},"3":{"name":"(anonymous_3)","decl":{"start":{"line":40,"column":2},"end":{"line":40,"column":3}},"loc":{"start":{"line":40,"column":43},"end":{"line":48,"column":3}},"line":40},"4":{"name":"(anonymous_4)","decl":{"start":{"line":49,"column":2},"end":{"line":49,"column":3}},"loc":{"start":{"line":49,"column":41},"end":{"line":66,"column":3}},"line":49}},"branchMap":{"0":{"loc":{"start":{"line":32,"column":6},"end":{"line":34,"column":7}},"type":"if","locations":[{"start":{"line":32,"column":6},"end":{"line":34,"column":7}},{"start":{},"end":{}}],"line":32},"1":{"loc":{"start":{"line":54,"column":6},"end":{"line":56,"column":7}},"type":"if","locations":[{"start":{"line":54,"column":6},"end":{"line":56,"column":7}},{"start":{},"end":{}}],"line":54}},"s":{"0":1,"1":2,"2":2,"3":1,"4":1,"5":2,"6":2,"7":1,"8":1,"9":3,"10":3,"11":3,"12":2,"13":1,"14":1,"15":2,"16":8,"17":8,"18":8,"19":1,"20":7,"21":3,"22":3,"23":3,"24":3,"25":3,"26":1,"27":2,"28":1,"29":2,"30":1},"f":{"0":2,"1":2,"2":3,"3":8,"4":3},"b":{"0":[1,1],"1":[1,2]},"_coverageSchema":"1a1c01bbd47fc00a2c39e90264f33305004495a9","hash":"acc2bdbc64472c6c97a0f4c2af691b460e246374"}
,"C:\\Users\\lenovo\\Documents\\Hacktiv8\\PHASE-3\\nribun-BE\\server-postgre\\controllers\\transactionController.js": {"path":"C:\\Users\\lenovo\\Documents\\Hacktiv8\\PHASE-3\\nribun-BE\\server-postgre\\controllers\\transactionController.js","statementMap":{"0":{"start":{"line":1,"column":23},"end":{"line":1,"column":49}},"1":{"start":{"line":2,"column":23},"end":{"line":2,"column":55}},"2":{"start":{"line":3,"column":44},"end":{"line":3,"column":64}},"3":{"start":{"line":7,"column":14},"end":{"line":7,"column":43}},"4":{"start":{"line":8,"column":4},"end":{"line":20,"column":5}},"5":{"start":{"line":9,"column":71},"end":{"line":9,"column":79}},"6":{"start":{"line":10,"column":29},"end":{"line":10,"column":140}},"7":{"start":{"line":11,"column":25},"end":{"line":13,"column":8}},"8":{"start":{"line":12,"column":8},"end":{"line":12,"column":78}},"9":{"start":{"line":14,"column":6},"end":{"line":14,"column":55}},"10":{"start":{"line":15,"column":6},"end":{"line":15,"column":22}},"11":{"start":{"line":16,"column":6},"end":{"line":16,"column":105}},"12":{"start":{"line":18,"column":6},"end":{"line":18,"column":24}},"13":{"start":{"line":19,"column":6},"end":{"line":19,"column":17}},"14":{"start":{"line":23,"column":4},"end":{"line":31,"column":5}},"15":{"start":{"line":24,"column":27},"end":{"line":27,"column":8}},"16":{"start":{"line":28,"column":6},"end":{"line":28,"column":40}},"17":{"start":{"line":30,"column":6},"end":{"line":30,"column":17}},"18":{"start":{"line":34,"column":4},"end":{"line":46,"column":5}},"19":{"start":{"line":35,"column":24},"end":{"line":35,"column":34}},"20":{"start":{"line":36,"column":27},"end":{"line":42,"column":8}},"21":{"start":{"line":43,"column":6},"end":{"line":43,"column":40}},"22":{"start":{"line":45,"column":6},"end":{"line":45,"column":17}},"23":{"start":{"line":49,"column":4},"end":{"line":60,"column":5}},"24":{"start":{"line":50,"column":30},"end":{"line":50,"column":40}},"25":{"start":{"line":51,"column":31},"end":{"line":53,"column":8}},"26":{"start":{"line":54,"column":6},"end":{"line":56,"column":7}},"27":{"start":{"line":55,"column":8},"end":{"line":55,"column":46}},"28":{"start":{"line":57,"column":6},"end":{"line":57,"column":44}},"29":{"start":{"line":59,"column":6},"end":{"line":59,"column":17}},"30":{"start":{"line":63,"column":4},"end":{"line":91,"column":5}},"31":{"start":{"line":64,"column":30},"end":{"line":64,"column":38}},"32":{"start":{"line":65,"column":31},"end":{"line":65,"column":72}},"33":{"start":{"line":66,"column":6},"end":{"line":68,"column":7}},"34":{"start":{"line":67,"column":8},"end":{"line":67,"column":46}},"35":{"start":{"line":69,"column":21},"end":{"line":69,"column":113}},"36":{"start":{"line":70,"column":17},"end":{"line":73,"column":8}},"37":{"start":{"line":74,"column":22},"end":{"line":84,"column":7}},"38":{"start":{"line":85,"column":26},"end":{"line":85,"column":65}},"39":{"start":{"line":87,"column":6},"end":{"line":87,"column":67}},"40":{"start":{"line":89,"column":6},"end":{"line":89,"column":24}},"41":{"start":{"line":90,"column":6},"end":{"line":90,"column":17}},"42":{"start":{"line":95,"column":4},"end":{"line":118,"column":5}},"43":{"start":{"line":96,"column":30},"end":{"line":96,"column":38}},"44":{"start":{"line":97,"column":6},"end":{"line":97,"column":27}},"45":{"start":{"line":98,"column":6},"end":{"line":115,"column":7}},"46":{"start":{"line":99,"column":27},"end":{"line":104,"column":10}},"47":{"start":{"line":105,"column":8},"end":{"line":110,"column":10}},"48":{"start":{"line":112,"column":8},"end":{"line":112,"column":46}},"49":{"start":{"line":114,"column":8},"end":{"line":114,"column":57}},"50":{"start":{"line":117,"column":6},"end":{"line":117,"column":17}},"51":{"start":{"line":123,"column":0},"end":{"line":123,"column":27}}},"fnMap":{"0":{"name":"(anonymous_0)","decl":{"start":{"line":6,"column":2},"end":{"line":6,"column":3}},"loc":{"start":{"line":6,"column":47},"end":{"line":21,"column":3}},"line":6},"1":{"name":"(anonymous_1)","decl":{"start":{"line":11,"column":34},"end":{"line":11,"column":35}},"loc":{"start":{"line":11,"column":39},"end":{"line":13,"column":7}},"line":11},"2":{"name":"(anonymous_2)","decl":{"start":{"line":22,"column":2},"end":{"line":22,"column":3}},"loc":{"start":{"line":22,"column":45},"end":{"line":32,"column":3}},"line":22},"3":{"name":"(anonymous_3)","decl":{"start":{"line":33,"column":2},"end":{"line":33,"column":3}},"loc":{"start":{"line":33,"column":47},"end":{"line":47,"column":3}},"line":33},"4":{"name":"(anonymous_4)","decl":{"start":{"line":48,"column":2},"end":{"line":48,"column":3}},"loc":{"start":{"line":48,"column":45},"end":{"line":61,"column":3}},"line":48},"5":{"name":"(anonymous_5)","decl":{"start":{"line":62,"column":2},"end":{"line":62,"column":3}},"loc":{"start":{"line":62,"column":39},"end":{"line":92,"column":3}},"line":62},"6":{"name":"(anonymous_6)","decl":{"start":{"line":94,"column":2},"end":{"line":94,"column":3}},"loc":{"start":{"line":94,"column":43},"end":{"line":119,"column":3}},"line":94}},"branchMap":{"0":{"loc":{"start":{"line":54,"column":6},"end":{"line":56,"column":7}},"type":"if","locations":[{"start":{"line":54,"column":6},"end":{"line":56,"column":7}},{"start":{},"end":{}}],"line":54},"1":{"loc":{"start":{"line":66,"column":6},"end":{"line":68,"column":7}},"type":"if","locations":[{"start":{"line":66,"column":6},"end":{"line":68,"column":7}},{"start":{},"end":{}}],"line":66},"2":{"loc":{"start":{"line":98,"column":6},"end":{"line":115,"column":7}},"type":"if","locations":[{"start":{"line":98,"column":6},"end":{"line":115,"column":7}},{"start":{"line":113,"column":12},"end":{"line":115,"column":7}}],"line":98},"3":{"loc":{"start":{"line":98,"column":9},"end":{"line":98,"column":94}},"type":"binary-expr","locations":[{"start":{"line":98,"column":9},"end":{"line":98,"column":48}},{"start":{"line":98,"column":52},"end":{"line":98,"column":94}}],"line":98}},"s":{"0":1,"1":1,"2":1,"3":6,"4":6,"5":6,"6":6,"7":1,"8":3,"9":1,"10":1,"11":1,"12":5,"13":5,"14":2,"15":2,"16":1,"17":1,"18":2,"19":2,"20":2,"21":1,"22":1,"23":3,"24":3,"25":3,"26":2,"27":1,"28":1,"29":2,"30":2,"31":2,"32":2,"33":2,"34":1,"35":1,"36":1,"37":1,"38":1,"39":1,"40":1,"41":1,"42":3,"43":3,"44":3,"45":3,"46":2,"47":1,"48":1,"49":1,"50":1,"51":1},"f":{"0":6,"1":3,"2":2,"3":2,"4":3,"5":2,"6":3},"b":{"0":[1,1],"1":[1,1],"2":[2,1],"3":[3,3]},"_coverageSchema":"1a1c01bbd47fc00a2c39e90264f33305004495a9","hash":"a2db835d67bbd30744a361a5a55748224152ad13"}
,"C:\\Users\\lenovo\\Documents\\Hacktiv8\\PHASE-3\\nribun-BE\\server-postgre\\helpers\\nodemailer.js": {"path":"C:\\Users\\lenovo\\Documents\\Hacktiv8\\PHASE-3\\nribun-BE\\server-postgre\\helpers\\nodemailer.js","statementMap":{"0":{"start":{"line":1,"column":19},"end":{"line":1,"column":40}},"1":{"start":{"line":6,"column":20},"end":{"line":6,"column":56}},"2":{"start":{"line":9,"column":20},"end":{"line":17,"column":4}},"3":{"start":{"line":20,"column":13},"end":{"line":26,"column":4}},"4":{"start":{"line":28,"column":2},"end":{"line":28,"column":50}},"5":{"start":{"line":32,"column":2},"end":{"line":32,"column":69}},"6":{"start":{"line":36,"column":0},"end":{"line":36,"column":31}}},"fnMap":{"0":{"name":"processPayment","decl":{"start":{"line":3,"column":15},"end":{"line":3,"column":29}},"loc":{"start":{"line":3,"column":38},"end":{"line":34,"column":1}},"line":3}},"branchMap":{},"s":{"0":1,"1":0,"2":0,"3":0,"4":0,"5":0,"6":1},"f":{"0":0},"b":{},"_coverageSchema":"1a1c01bbd47fc00a2c39e90264f33305004495a9","hash":"b03e362806adb1d7cd6e6f19bba803ec926243fd"}
,"C:\\Users\\lenovo\\Documents\\Hacktiv8\\PHASE-3\\nribun-BE\\server-postgre\\middlewares\\errorHandler.js": {"path":"C:\\Users\\lenovo\\Documents\\Hacktiv8\\PHASE-3\\nribun-BE\\server-postgre\\middlewares\\errorHandler.js","statementMap":{"0":{"start":{"line":1,"column":21},"end":{"line":18,"column":1}},"1":{"start":{"line":2,"column":13},"end":{"line":2,"column":16}},"2":{"start":{"line":3,"column":16},"end":{"line":3,"column":39}},"3":{"start":{"line":4,"column":2},"end":{"line":16,"column":3}},"4":{"start":{"line":5,"column":4},"end":{"line":6,"column":35}},"5":{"start":{"line":7,"column":8},"end":{"line":16,"column":3}},"6":{"start":{"line":8,"column":4},"end":{"line":9,"column":31}},"7":{"start":{"line":10,"column":8},"end":{"line":16,"column":3}},"8":{"start":{"line":11,"column":4},"end":{"line":12,"column":37}},"9":{"start":{"line":14,"column":4},"end":{"line":14,"column":14}},"10":{"start":{"line":15,"column":4},"end":{"line":15,"column":37}},"11":{"start":{"line":17,"column":2},"end":{"line":17,"column":34}},"12":{"start":{"line":20,"column":0},"end":{"line":20,"column":29}}},"fnMap":{"0":{"name":"(anonymous_0)","decl":{"start":{"line":1,"column":21},"end":{"line":1,"column":22}},"loc":{"start":{"line":1,"column":43},"end":{"line":18,"column":1}},"line":1}},"branchMap":{"0":{"loc":{"start":{"line":4,"column":2},"end":{"line":16,"column":3}},"type":"if","locations":[{"start":{"line":4,"column":2},"end":{"line":16,"column":3}},{"start":{"line":7,"column":8},"end":{"line":16,"column":3}}],"line":4},"1":{"loc":{"start":{"line":7,"column":8},"end":{"line":16,"column":3}},"type":"if","locations":[{"start":{"line":7,"column":8},"end":{"line":16,"column":3}},{"start":{"line":10,"column":8},"end":{"line":16,"column":3}}],"line":7},"2":{"loc":{"start":{"line":10,"column":8},"end":{"line":16,"column":3}},"type":"if","locations":[{"start":{"line":10,"column":8},"end":{"line":16,"column":3}},{"start":{"line":13,"column":8},"end":{"line":16,"column":3}}],"line":10}},"s":{"0":1,"1":24,"2":24,"3":24,"4":10,"5":14,"6":2,"7":12,"8":2,"9":10,"10":10,"11":24,"12":1},"f":{"0":24},"b":{"0":[10,14],"1":[2,12],"2":[2,10]},"_coverageSchema":"1a1c01bbd47fc00a2c39e90264f33305004495a9","hash":"e39885a803f5f037f729b9d7a6c247ecb3c9d0ad"}
,"C:\\Users\\lenovo\\Documents\\Hacktiv8\\PHASE-3\\nribun-BE\\server-postgre\\models\\index.js": {"path":"C:\\Users\\lenovo\\Documents\\Hacktiv8\\PHASE-3\\nribun-BE\\server-postgre\\models\\index.js","statementMap":{"0":{"start":{"line":3,"column":11},"end":{"line":3,"column":24}},"1":{"start":{"line":4,"column":13},"end":{"line":4,"column":28}},"2":{"start":{"line":5,"column":18},"end":{"line":5,"column":38}},"3":{"start":{"line":6,"column":16},"end":{"line":6,"column":34}},"4":{"start":{"line":7,"column":17},"end":{"line":7,"column":42}},"5":{"start":{"line":8,"column":12},"end":{"line":8,"column":49}},"6":{"start":{"line":9,"column":15},"end":{"line":9,"column":65}},"7":{"start":{"line":10,"column":11},"end":{"line":10,"column":13}},"8":{"start":{"line":13,"column":0},"end":{"line":17,"column":1}},"9":{"start":{"line":14,"column":2},"end":{"line":14,"column":74}},"10":{"start":{"line":16,"column":2},"end":{"line":16,"column":87}},"11":{"start":{"line":19,"column":0},"end":{"line":27,"column":5}},"12":{"start":{"line":22,"column":4},"end":{"line":22,"column":90}},"13":{"start":{"line":25,"column":18},"end":{"line":25,"column":85}},"14":{"start":{"line":26,"column":4},"end":{"line":26,"column":27}},"15":{"start":{"line":29,"column":0},"end":{"line":33,"column":3}},"16":{"start":{"line":30,"column":2},"end":{"line":32,"column":3}},"17":{"start":{"line":31,"column":4},"end":{"line":31,"column":32}},"18":{"start":{"line":35,"column":0},"end":{"line":35,"column":25}},"19":{"start":{"line":36,"column":0},"end":{"line":36,"column":25}},"20":{"start":{"line":38,"column":0},"end":{"line":38,"column":20}}},"fnMap":{"0":{"name":"(anonymous_0)","decl":{"start":{"line":21,"column":10},"end":{"line":21,"column":11}},"loc":{"start":{"line":21,"column":18},"end":{"line":23,"column":3}},"line":21},"1":{"name":"(anonymous_1)","decl":{"start":{"line":24,"column":11},"end":{"line":24,"column":12}},"loc":{"start":{"line":24,"column":19},"end":{"line":27,"column":3}},"line":24},"2":{"name":"(anonymous_2)","decl":{"start":{"line":29,"column":24},"end":{"line":29,"column":25}},"loc":{"start":{"line":29,"column":37},"end":{"line":33,"column":1}},"line":29}},"branchMap":{"0":{"loc":{"start":{"line":8,"column":12},"end":{"line":8,"column":49}},"type":"binary-expr","locations":[{"start":{"line":8,"column":12},"end":{"line":8,"column":32}},{"start":{"line":8,"column":36},"end":{"line":8,"column":49}}],"line":8},"1":{"loc":{"start":{"line":13,"column":0},"end":{"line":17,"column":1}},"type":"if","locations":[{"start":{"line":13,"column":0},"end":{"line":17,"column":1}},{"start":{"line":15,"column":7},"end":{"line":17,"column":1}}],"line":13},"2":{"loc":{"start":{"line":22,"column":11},"end":{"line":22,"column":89}},"type":"binary-expr","locations":[{"start":{"line":22,"column":12},"end":{"line":22,"column":35}},{"start":{"line":22,"column":41},"end":{"line":22,"column":58}},{"start":{"line":22,"column":64},"end":{"line":22,"column":88}}],"line":22},"3":{"loc":{"start":{"line":30,"column":2},"end":{"line":32,"column":3}},"type":"if","locations":[{"start":{"line":30,"column":2},"end":{"line":32,"column":3}},{"start":{},"end":{}}],"line":30}},"s":{"0":1,"1":1,"2":1,"3":1,"4":1,"5":1,"6":1,"7":1,"8":1,"9":0,"10":1,"11":1,"12":4,"13":3,"14":3,"15":1,"16":3,"17":3,"18":1,"19":1,"20":1},"f":{"0":4,"1":3,"2":3},"b":{"0":[1,0],"1":[0,1],"2":[4,4,3],"3":[3,0]},"_coverageSchema":"1a1c01bbd47fc00a2c39e90264f33305004495a9","hash":"80dad8b8dc1e36a81bac91ef3445d6f74655541c"}
,"C:\\Users\\lenovo\\Documents\\Hacktiv8\\PHASE-3\\nribun-BE\\server-postgre\\models\\match.js": {"path":"C:\\Users\\lenovo\\Documents\\Hacktiv8\\PHASE-3\\nribun-BE\\server-postgre\\models\\match.js","statementMap":{"0":{"start":{"line":4,"column":4},"end":{"line":4,"column":24}},"1":{"start":{"line":5,"column":0},"end":{"line":70,"column":2}},"2":{"start":{"line":14,"column":6},"end":{"line":14,"column":39}},"3":{"start":{"line":17,"column":2},"end":{"line":65,"column":5}},"4":{"start":{"line":66,"column":2},"end":{"line":68,"column":4}},"5":{"start":{"line":67,"column":4},"end":{"line":67,"column":45}},"6":{"start":{"line":69,"column":2},"end":{"line":69,"column":15}}},"fnMap":{"0":{"name":"(anonymous_0)","decl":{"start":{"line":5,"column":17},"end":{"line":5,"column":18}},"loc":{"start":{"line":5,"column":43},"end":{"line":70,"column":1}},"line":5},"1":{"name":"(anonymous_1)","decl":{"start":{"line":12,"column":4},"end":{"line":12,"column":5}},"loc":{"start":{"line":12,"column":29},"end":{"line":15,"column":5}},"line":12},"2":{"name":"(anonymous_2)","decl":{"start":{"line":66,"column":21},"end":{"line":66,"column":22}},"loc":{"start":{"line":66,"column":30},"end":{"line":68,"column":3}},"line":66}},"branchMap":{},"s":{"0":1,"1":1,"2":1,"3":1,"4":1,"5":3,"6":1},"f":{"0":1,"1":1,"2":3},"b":{},"_coverageSchema":"1a1c01bbd47fc00a2c39e90264f33305004495a9","hash":"4c401c0e5705f05fed7818a0ab10e48562dfa692"}
,"C:\\Users\\lenovo\\Documents\\Hacktiv8\\PHASE-3\\nribun-BE\\server-postgre\\models\\seat.js": {"path":"C:\\Users\\lenovo\\Documents\\Hacktiv8\\PHASE-3\\nribun-BE\\server-postgre\\models\\seat.js","statementMap":{"0":{"start":{"line":4,"column":4},"end":{"line":4,"column":24}},"1":{"start":{"line":5,"column":0},"end":{"line":25,"column":2}},"2":{"start":{"line":14,"column":6},"end":{"line":14,"column":40}},"3":{"start":{"line":17,"column":2},"end":{"line":23,"column":5}},"4":{"start":{"line":24,"column":2},"end":{"line":24,"column":14}}},"fnMap":{"0":{"name":"(anonymous_0)","decl":{"start":{"line":5,"column":17},"end":{"line":5,"column":18}},"loc":{"start":{"line":5,"column":43},"end":{"line":25,"column":1}},"line":5},"1":{"name":"(anonymous_1)","decl":{"start":{"line":12,"column":4},"end":{"line":12,"column":5}},"loc":{"start":{"line":12,"column":29},"end":{"line":15,"column":5}},"line":12}},"branchMap":{},"s":{"0":1,"1":1,"2":1,"3":1,"4":1},"f":{"0":1,"1":1},"b":{},"_coverageSchema":"1a1c01bbd47fc00a2c39e90264f33305004495a9","hash":"673b4875d81184b6586621ed38d23d89febfd530"}
,"C:\\Users\\lenovo\\Documents\\Hacktiv8\\PHASE-3\\nribun-BE\\server-postgre\\models\\transaction.js": {"path":"C:\\Users\\lenovo\\Documents\\Hacktiv8\\PHASE-3\\nribun-BE\\server-postgre\\models\\transaction.js","statementMap":{"0":{"start":{"line":4,"column":4},"end":{"line":4,"column":24}},"1":{"start":{"line":5,"column":0},"end":{"line":57,"column":2}},"2":{"start":{"line":14,"column":6},"end":{"line":14,"column":41}},"3":{"start":{"line":15,"column":6},"end":{"line":15,"column":38}},"4":{"start":{"line":18,"column":2},"end":{"line":55,"column":5}},"5":{"start":{"line":56,"column":2},"end":{"line":56,"column":21}}},"fnMap":{"0":{"name":"(anonymous_0)","decl":{"start":{"line":5,"column":17},"end":{"line":5,"column":18}},"loc":{"start":{"line":5,"column":43},"end":{"line":57,"column":1}},"line":5},"1":{"name":"(anonymous_1)","decl":{"start":{"line":12,"column":4},"end":{"line":12,"column":5}},"loc":{"start":{"line":12,"column":29},"end":{"line":16,"column":5}},"line":12}},"branchMap":{},"s":{"0":1,"1":1,"2":1,"3":1,"4":1,"5":1},"f":{"0":1,"1":1},"b":{},"_coverageSchema":"1a1c01bbd47fc00a2c39e90264f33305004495a9","hash":"ab2020e9c9c6f52a6170f0b8be663edd8db48bc1"}
,"C:\\Users\\lenovo\\Documents\\Hacktiv8\\PHASE-3\\nribun-BE\\server-postgre\\routes\\index.js": {"path":"C:\\Users\\lenovo\\Documents\\Hacktiv8\\PHASE-3\\nribun-BE\\server-postgre\\routes\\index.js","statementMap":{"0":{"start":{"line":1,"column":16},"end":{"line":1,"column":34}},"1":{"start":{"line":2,"column":15},"end":{"line":2,"column":31}},"2":{"start":{"line":3,"column":20},"end":{"line":3,"column":38}},"3":{"start":{"line":4,"column":26},"end":{"line":4,"column":50}},"4":{"start":{"line":6,"column":0},"end":{"line":6,"column":32}},"5":{"start":{"line":7,"column":0},"end":{"line":7,"column":38}},"6":{"start":{"line":9,"column":0},"end":{"line":9,"column":23}}},"fnMap":{},"branchMap":{},"s":{"0":1,"1":1,"2":1,"3":1,"4":1,"5":1,"6":1},"f":{},"b":{},"_coverageSchema":"1a1c01bbd47fc00a2c39e90264f33305004495a9","hash":"75e25355906e0366c537be479c5bc3e32b00c34e"}
,"C:\\Users\\lenovo\\Documents\\Hacktiv8\\PHASE-3\\nribun-BE\\server-postgre\\routes\\match.js": {"path":"C:\\Users\\lenovo\\Documents\\Hacktiv8\\PHASE-3\\nribun-BE\\server-postgre\\routes\\match.js","statementMap":{"0":{"start":{"line":1,"column":16},"end":{"line":1,"column":34}},"1":{"start":{"line":2,"column":15},"end":{"line":2,"column":31}},"2":{"start":{"line":3,"column":24},"end":{"line":3,"column":65}},"3":{"start":{"line":5,"column":0},"end":{"line":5,"column":40}},"4":{"start":{"line":6,"column":0},"end":{"line":6,"column":45}},"5":{"start":{"line":7,"column":0},"end":{"line":7,"column":47}},"6":{"start":{"line":8,"column":0},"end":{"line":8,"column":49}},"7":{"start":{"line":9,"column":0},"end":{"line":9,"column":53}},"8":{"start":{"line":11,"column":0},"end":{"line":11,"column":23}}},"fnMap":{},"branchMap":{},"s":{"0":1,"1":1,"2":1,"3":1,"4":1,"5":1,"6":1,"7":1,"8":1},"f":{},"b":{},"_coverageSchema":"1a1c01bbd47fc00a2c39e90264f33305004495a9","hash":"bc81ccbb33751d9c723676ce6f22fcca4f1d9f4e"}
,"C:\\Users\\lenovo\\Documents\\Hacktiv8\\PHASE-3\\nribun-BE\\server-postgre\\routes\\transaction.js": {"path":"C:\\Users\\lenovo\\Documents\\Hacktiv8\\PHASE-3\\nribun-BE\\server-postgre\\routes\\transaction.js","statementMap":{"0":{"start":{"line":1,"column":16},"end":{"line":1,"column":34}},"1":{"start":{"line":2,"column":15},"end":{"line":2,"column":31}},"2":{"start":{"line":3,"column":30},"end":{"line":3,"column":77}},"3":{"start":{"line":5,"column":0},"end":{"line":5,"column":61}},"4":{"start":{"line":6,"column":0},"end":{"line":6,"column":48}},"5":{"start":{"line":7,"column":0},"end":{"line":7,"column":53}},"6":{"start":{"line":8,"column":0},"end":{"line":8,"column":60}},"7":{"start":{"line":9,"column":0},"end":{"line":9,"column":67}},"8":{"start":{"line":10,"column":0},"end":{"line":10,"column":71}},"9":{"start":{"line":15,"column":0},"end":{"line":15,"column":23}}},"fnMap":{},"branchMap":{},"s":{"0":1,"1":1,"2":1,"3":1,"4":1,"5":1,"6":1,"7":1,"8":1,"9":1},"f":{},"b":{},"_coverageSchema":"1a1c01bbd47fc00a2c39e90264f33305004495a9","hash":"cbeb040b4e3e15b96254233e430bfa594084823b"}
}
