{"C:\\Users\\lenovo\\Documents\\Hacktiv8\\PHASE-3\\nribun-BE\\server-postgre\\app.js": {"path":"C:\\Users\\lenovo\\Documents\\Hacktiv8\\PHASE-3\\nribun-BE\\server-postgre\\app.js","statementMap":{"0":{"start":{"line":1,"column":0},"end":{"line":1,"column":70}},"1":{"start":{"line":1,"column":43},"end":{"line":1,"column":70}},"2":{"start":{"line":2,"column":13},"end":{"line":2,"column":28}},"3":{"start":{"line":3,"column":16},"end":{"line":3,"column":34}},"4":{"start":{"line":4,"column":21},"end":{"line":4,"column":58}},"5":{"start":{"line":5,"column":12},"end":{"line":5,"column":21}},"6":{"start":{"line":6,"column":15},"end":{"line":6,"column":34}},"7":{"start":{"line":8,"column":0},"end":{"line":8,"column":15}},"8":{"start":{"line":9,"column":0},"end":{"line":9,"column":44}},"9":{"start":{"line":10,"column":0},"end":{"line":10,"column":23}},"10":{"start":{"line":11,"column":0},"end":{"line":11,"column":19}},"11":{"start":{"line":12,"column":0},"end":{"line":12,"column":21}},"12":{"start":{"line":15,"column":0},"end":{"line":15,"column":20}}},"fnMap":{},"branchMap":{"0":{"loc":{"start":{"line":1,"column":0},"end":{"line":1,"column":70}},"type":"if","locations":[{"start":{"line":1,"column":0},"end":{"line":1,"column":70}},{"start":{},"end":{}}],"line":1}},"s":{"0":1,"1":1,"2":1,"3":1,"4":1,"5":1,"6":1,"7":1,"8":1,"9":1,"10":1,"11":1,"12":1},"f":{},"b":{"0":[1,0]},"_coverageSchema":"1a1c01bbd47fc00a2c39e90264f33305004495a9","hash":"390583ea67f6b4db4366ae0cf0d64660e95031ea"}
,"C:\\Users\\lenovo\\Documents\\Hacktiv8\\PHASE-3\\nribun-BE\\server-postgre\\controllers\\matchController.js": {"path":"C:\\Users\\lenovo\\Documents\\Hacktiv8\\PHASE-3\\nribun-BE\\server-postgre\\controllers\\matchController.js","statementMap":{"0":{"start":{"line":1,"column":28},"end":{"line":1,"column":48}},"1":{"start":{"line":5,"column":4},"end":{"line":15,"column":5}},"2":{"start":{"line":6,"column":22},"end":{"line":10,"column":8}},"3":{"start":{"line":11,"column":6},"end":{"line":11,"column":35}},"4":{"start":{"line":13,"column":6},"end":{"line":13,"column":24}},"5":{"start":{"line":14,"column":6},"end":{"line":14,"column":17}},"6":{"start":{"line":18,"column":4},"end":{"line":31,"column":5}},"7":{"start":{"line":19,"column":22},"end":{"line":27,"column":8}},"8":{"start":{"line":28,"column":6},"end":{"line":28,"column":38}},"9":{"start":{"line":30,"column":6},"end":{"line":30,"column":17}},"10":{"start":{"line":34,"column":4},"end":{"line":45,"column":5}},"11":{"start":{"line":35,"column":24},"end":{"line":35,"column":34}},"12":{"start":{"line":36,"column":20},"end":{"line":38,"column":8}},"13":{"start":{"line":39,"column":6},"end":{"line":41,"column":7}},"14":{"start":{"line":40,"column":8},"end":{"line":40,"column":40}},"15":{"start":{"line":42,"column":6},"end":{"line":42,"column":33}},"16":{"start":{"line":44,"column":6},"end":{"line":44,"column":17}},"17":{"start":{"line":48,"column":4},"end":{"line":54,"column":5}},"18":{"start":{"line":49,"column":48},"end":{"line":49,"column":56}},"19":{"start":{"line":50,"column":6},"end":{"line":50,"column":59}},"20":{"start":{"line":51,"column":6},"end":{"line":51,"column":48}},"21":{"start":{"line":53,"column":6},"end":{"line":53,"column":17}},"22":{"start":{"line":57,"column":4},"end":{"line":72,"column":5}},"23":{"start":{"line":58,"column":24},"end":{"line":58,"column":34}},"24":{"start":{"line":59,"column":23},"end":{"line":59,"column":31}},"25":{"start":{"line":60,"column":25},"end":{"line":60,"column":54}},"26":{"start":{"line":61,"column":6},"end":{"line":63,"column":7}},"27":{"start":{"line":62,"column":8},"end":{"line":62,"column":40}},"28":{"start":{"line":64,"column":6},"end":{"line":68,"column":8}},"29":{"start":{"line":69,"column":6},"end":{"line":69,"column":62}},"30":{"start":{"line":71,"column":6},"end":{"line":71,"column":17}},"31":{"start":{"line":76,"column":0},"end":{"line":76,"column":27}}},"fnMap":{"0":{"name":"(anonymous_0)","decl":{"start":{"line":4,"column":2},"end":{"line":4,"column":3}},"loc":{"start":{"line":4,"column":37},"end":{"line":16,"column":3}},"line":4},"1":{"name":"(anonymous_1)","decl":{"start":{"line":17,"column":2},"end":{"line":17,"column":3}},"loc":{"start":{"line":17,"column":37},"end":{"line":32,"column":3}},"line":17},"2":{"name":"(anonymous_2)","decl":{"start":{"line":33,"column":2},"end":{"line":33,"column":3}},"loc":{"start":{"line":33,"column":39},"end":{"line":46,"column":3}},"line":33},"3":{"name":"(anonymous_3)","decl":{"start":{"line":47,"column":2},"end":{"line":47,"column":3}},"loc":{"start":{"line":47,"column":43},"end":{"line":55,"column":3}},"line":47},"4":{"name":"(anonymous_4)","decl":{"start":{"line":56,"column":2},"end":{"line":56,"column":3}},"loc":{"start":{"line":56,"column":41},"end":{"line":73,"column":3}},"line":56}},"branchMap":{"0":{"loc":{"start":{"line":39,"column":6},"end":{"line":41,"column":7}},"type":"if","locations":[{"start":{"line":39,"column":6},"end":{"line":41,"column":7}},{"start":{},"end":{}}],"line":39},"1":{"loc":{"start":{"line":61,"column":6},"end":{"line":63,"column":7}},"type":"if","locations":[{"start":{"line":61,"column":6},"end":{"line":63,"column":7}},{"start":{},"end":{}}],"line":61}},"s":{"0":1,"1":2,"2":2,"3":1,"4":1,"5":1,"6":2,"7":2,"8":1,"9":1,"10":3,"11":3,"12":3,"13":2,"14":1,"15":1,"16":2,"17":8,"18":8,"19":8,"20":1,"21":7,"22":3,"23":3,"24":3,"25":3,"26":3,"27":1,"28":2,"29":1,"30":2,"31":1},"f":{"0":2,"1":2,"2":3,"3":8,"4":3},"b":{"0":[1,1],"1":[1,2]},"_coverageSchema":"1a1c01bbd47fc00a2c39e90264f33305004495a9","hash":"a0e2a5bb5aaac61bf0303dc8358db738d0f1c5c0"}
,"C:\\Users\\lenovo\\Documents\\Hacktiv8\\PHASE-3\\nribun-BE\\server-postgre\\controllers\\transactionController.js": {"path":"C:\\Users\\lenovo\\Documents\\Hacktiv8\\PHASE-3\\nribun-BE\\server-postgre\\controllers\\transactionController.js","statementMap":{"0":{"start":{"line":1,"column":23},"end":{"line":1,"column":49}},"1":{"start":{"line":2,"column":23},"end":{"line":2,"column":55}},"2":{"start":{"line":3,"column":44},"end":{"line":3,"column":64}},"3":{"start":{"line":7,"column":14},"end":{"line":7,"column":43}},"4":{"start":{"line":8,"column":4},"end":{"line":20,"column":5}},"5":{"start":{"line":9,"column":71},"end":{"line":9,"column":79}},"6":{"start":{"line":10,"column":29},"end":{"line":10,"column":140}},"7":{"start":{"line":11,"column":25},"end":{"line":13,"column":8}},"8":{"start":{"line":12,"column":8},"end":{"line":12,"column":78}},"9":{"start":{"line":14,"column":6},"end":{"line":14,"column":55}},"10":{"start":{"line":15,"column":6},"end":{"line":15,"column":22}},"11":{"start":{"line":16,"column":6},"end":{"line":16,"column":105}},"12":{"start":{"line":18,"column":6},"end":{"line":18,"column":24}},"13":{"start":{"line":19,"column":6},"end":{"line":19,"column":17}},"14":{"start":{"line":23,"column":4},"end":{"line":31,"column":5}},"15":{"start":{"line":24,"column":27},"end":{"line":27,"column":8}},"16":{"start":{"line":28,"column":6},"end":{"line":28,"column":40}},"17":{"start":{"line":30,"column":6},"end":{"line":30,"column":17}},"18":{"start":{"line":34,"column":4},"end":{"line":46,"column":5}},"19":{"start":{"line":35,"column":24},"end":{"line":35,"column":34}},"20":{"start":{"line":36,"column":27},"end":{"line":42,"column":8}},"21":{"start":{"line":43,"column":6},"end":{"line":43,"column":40}},"22":{"start":{"line":45,"column":6},"end":{"line":45,"column":17}},"23":{"start":{"line":49,"column":4},"end":{"line":60,"column":5}},"24":{"start":{"line":50,"column":30},"end":{"line":50,"column":40}},"25":{"start":{"line":51,"column":31},"end":{"line":53,"column":8}},"26":{"start":{"line":54,"column":6},"end":{"line":56,"column":7}},"27":{"start":{"line":55,"column":8},"end":{"line":55,"column":46}},"28":{"start":{"line":57,"column":6},"end":{"line":57,"column":44}},"29":{"start":{"line":59,"column":6},"end":{"line":59,"column":17}},"30":{"start":{"line":63,"column":4},"end":{"line":106,"column":5}},"31":{"start":{"line":64,"column":30},"end":{"line":64,"column":38}},"32":{"start":{"line":65,"column":31},"end":{"line":65,"column":72}},"33":{"start":{"line":66,"column":6},"end":{"line":68,"column":7}},"34":{"start":{"line":67,"column":8},"end":{"line":67,"column":46}},"35":{"start":{"line":69,"column":27},"end":{"line":69,"column":57}},"36":{"start":{"line":70,"column":21},"end":{"line":70,"column":128}},"37":{"start":{"line":71,"column":17},"end":{"line":74,"column":8}},"38":{"start":{"line":75,"column":22},"end":{"line":85,"column":7}},"39":{"start":{"line":86,"column":27},"end":{"line":88,"column":8}},"40":{"start":{"line":89,"column":6},"end":{"line":89,"column":48}},"41":{"start":{"line":90,"column":19},"end":{"line":99,"column":7}},"42":{"start":{"line":100,"column":26},"end":{"line":100,"column":65}},"43":{"start":{"line":101,"column":6},"end":{"line":101,"column":82}},"44":{"start":{"line":102,"column":6},"end":{"line":102,"column":67}},"45":{"start":{"line":104,"column":6},"end":{"line":104,"column":25}},"46":{"start":{"line":105,"column":6},"end":{"line":105,"column":17}},"47":{"start":{"line":110,"column":4},"end":{"line":133,"column":5}},"48":{"start":{"line":111,"column":30},"end":{"line":111,"column":38}},"49":{"start":{"line":112,"column":6},"end":{"line":112,"column":27}},"50":{"start":{"line":113,"column":6},"end":{"line":130,"column":7}},"51":{"start":{"line":114,"column":27},"end":{"line":119,"column":10}},"52":{"start":{"line":120,"column":8},"end":{"line":125,"column":10}},"53":{"start":{"line":127,"column":8},"end":{"line":127,"column":46}},"54":{"start":{"line":129,"column":8},"end":{"line":129,"column":57}},"55":{"start":{"line":132,"column":6},"end":{"line":132,"column":17}},"56":{"start":{"line":138,"column":0},"end":{"line":138,"column":27}}},"fnMap":{"0":{"name":"(anonymous_0)","decl":{"start":{"line":6,"column":2},"end":{"line":6,"column":3}},"loc":{"start":{"line":6,"column":47},"end":{"line":21,"column":3}},"line":6},"1":{"name":"(anonymous_1)","decl":{"start":{"line":11,"column":34},"end":{"line":11,"column":35}},"loc":{"start":{"line":11,"column":39},"end":{"line":13,"column":7}},"line":11},"2":{"name":"(anonymous_2)","decl":{"start":{"line":22,"column":2},"end":{"line":22,"column":3}},"loc":{"start":{"line":22,"column":45},"end":{"line":32,"column":3}},"line":22},"3":{"name":"(anonymous_3)","decl":{"start":{"line":33,"column":2},"end":{"line":33,"column":3}},"loc":{"start":{"line":33,"column":47},"end":{"line":47,"column":3}},"line":33},"4":{"name":"(anonymous_4)","decl":{"start":{"line":48,"column":2},"end":{"line":48,"column":3}},"loc":{"start":{"line":48,"column":45},"end":{"line":61,"column":3}},"line":48},"5":{"name":"(anonymous_5)","decl":{"start":{"line":62,"column":2},"end":{"line":62,"column":3}},"loc":{"start":{"line":62,"column":39},"end":{"line":107,"column":3}},"line":62},"6":{"name":"(anonymous_6)","decl":{"start":{"line":109,"column":2},"end":{"line":109,"column":3}},"loc":{"start":{"line":109,"column":43},"end":{"line":134,"column":3}},"line":109}},"branchMap":{"0":{"loc":{"start":{"line":54,"column":6},"end":{"line":56,"column":7}},"type":"if","locations":[{"start":{"line":54,"column":6},"end":{"line":56,"column":7}},{"start":{},"end":{}}],"line":54},"1":{"loc":{"start":{"line":66,"column":6},"end":{"line":68,"column":7}},"type":"if","locations":[{"start":{"line":66,"column":6},"end":{"line":68,"column":7}},{"start":{},"end":{}}],"line":66},"2":{"loc":{"start":{"line":113,"column":6},"end":{"line":130,"column":7}},"type":"if","locations":[{"start":{"line":113,"column":6},"end":{"line":130,"column":7}},{"start":{"line":128,"column":12},"end":{"line":130,"column":7}}],"line":113},"3":{"loc":{"start":{"line":113,"column":9},"end":{"line":113,"column":94}},"type":"binary-expr","locations":[{"start":{"line":113,"column":9},"end":{"line":113,"column":48}},{"start":{"line":113,"column":52},"end":{"line":113,"column":94}}],"line":113}},"s":{"0":1,"1":1,"2":1,"3":6,"4":6,"5":6,"6":6,"7":1,"8":3,"9":1,"10":1,"11":1,"12":5,"13":5,"14":2,"15":2,"16":1,"17":1,"18":2,"19":2,"20":2,"21":1,"22":1,"23":3,"24":3,"25":3,"26":2,"27":1,"28":1,"29":2,"30":2,"31":2,"32":2,"33":2,"34":1,"35":1,"36":1,"37":1,"38":1,"39":1,"40":1,"41":1,"42":1,"43":1,"44":1,"45":1,"46":1,"47":3,"48":3,"49":3,"50":3,"51":2,"52":1,"53":1,"54":1,"55":1,"56":1},"f":{"0":6,"1":3,"2":2,"3":2,"4":3,"5":2,"6":3},"b":{"0":[1,1],"1":[1,1],"2":[2,1],"3":[3,3]},"_coverageSchema":"1a1c01bbd47fc00a2c39e90264f33305004495a9","hash":"ad23c2f7b5ebe2129abd0a3122c626d7cc04f338"}
,"C:\\Users\\lenovo\\Documents\\Hacktiv8\\PHASE-3\\nribun-BE\\server-postgre\\helpers\\nodemailer.js": {"path":"C:\\Users\\lenovo\\Documents\\Hacktiv8\\PHASE-3\\nribun-BE\\server-postgre\\helpers\\nodemailer.js","statementMap":{"0":{"start":{"line":1,"column":19},"end":{"line":1,"column":40}},"1":{"start":{"line":2,"column":22},"end":{"line":2,"column":40}},"2":{"start":{"line":8,"column":20},"end":{"line":16,"column":4}},"3":{"start":{"line":18,"column":18},"end":{"line":18,"column":56}},"4":{"start":{"line":21,"column":16},"end":{"line":29,"column":3}},"5":{"start":{"line":32,"column":2},"end":{"line":32,"column":37}},"6":{"start":{"line":33,"column":17},"end":{"line":35,"column":3}},"7":{"start":{"line":37,"column":2},"end":{"line":37,"column":15}},"8":{"start":{"line":40,"column":0},"end":{"line":40,"column":31}}},"fnMap":{"0":{"name":"processPayment","decl":{"start":{"line":5,"column":15},"end":{"line":5,"column":29}},"loc":{"start":{"line":5,"column":67},"end":{"line":38,"column":1}},"line":5}},"branchMap":{},"s":{"0":1,"1":1,"2":3,"3":3,"4":3,"5":3,"6":3,"7":3,"8":1},"f":{"0":3},"b":{},"_coverageSchema":"1a1c01bbd47fc00a2c39e90264f33305004495a9","hash":"9d8ea92bed619244f349b329634b741c566c3146"}
,"C:\\Users\\lenovo\\Documents\\Hacktiv8\\PHASE-3\\nribun-BE\\server-postgre\\helpers\\pdfjs.js": {"path":"C:\\Users\\lenovo\\Documents\\Hacktiv8\\PHASE-3\\nribun-BE\\server-postgre\\helpers\\pdfjs.js","statementMap":{"0":{"start":{"line":1,"column":18},"end":{"line":1,"column":34}},"1":{"start":{"line":2,"column":15},"end":{"line":2,"column":32}},"2":{"start":{"line":5,"column":12},"end":{"line":7,"column":2}},"3":{"start":{"line":9,"column":18},"end":{"line":122,"column":1}},"4":{"start":{"line":11,"column":15},"end":{"line":11,"column":42}},"5":{"start":{"line":55,"column":2},"end":{"line":55,"column":132}},"6":{"start":{"line":56,"column":2},"end":{"line":56,"column":48}},"7":{"start":{"line":57,"column":2},"end":{"line":57,"column":22}},"8":{"start":{"line":58,"column":2},"end":{"line":58,"column":29}},"9":{"start":{"line":60,"column":2},"end":{"line":60,"column":22}},"10":{"start":{"line":61,"column":2},"end":{"line":61,"column":41}},"11":{"start":{"line":62,"column":2},"end":{"line":62,"column":50}},"12":{"start":{"line":64,"column":2},"end":{"line":64,"column":24}},"13":{"start":{"line":65,"column":2},"end":{"line":65,"column":28}},"14":{"start":{"line":67,"column":2},"end":{"line":67,"column":22}},"15":{"start":{"line":68,"column":2},"end":{"line":68,"column":46}},"16":{"start":{"line":69,"column":12},"end":{"line":69,"column":27}},"17":{"start":{"line":70,"column":2},"end":{"line":72,"column":3}},"18":{"start":{"line":71,"column":4},"end":{"line":71,"column":24}},"19":{"start":{"line":73,"column":2},"end":{"line":73,"column":35}},"20":{"start":{"line":75,"column":2},"end":{"line":75,"column":22}},"21":{"start":{"line":76,"column":2},"end":{"line":76,"column":45}},"22":{"start":{"line":78,"column":2},"end":{"line":78,"column":22}},"23":{"start":{"line":79,"column":2},"end":{"line":79,"column":40}},"24":{"start":{"line":81,"column":2},"end":{"line":81,"column":25}},"25":{"start":{"line":82,"column":2},"end":{"line":82,"column":28}},"26":{"start":{"line":84,"column":2},"end":{"line":84,"column":22}},"27":{"start":{"line":85,"column":2},"end":{"line":85,"column":34}},"28":{"start":{"line":86,"column":2},"end":{"line":86,"column":27}},"29":{"start":{"line":87,"column":2},"end":{"line":87,"column":30}},"30":{"start":{"line":88,"column":2},"end":{"line":88,"column":29}},"31":{"start":{"line":89,"column":2},"end":{"line":89,"column":26}},"32":{"start":{"line":91,"column":2},"end":{"line":91,"column":25}},"33":{"start":{"line":92,"column":2},"end":{"line":92,"column":28}},"34":{"start":{"line":94,"column":2},"end":{"line":94,"column":36}},"35":{"start":{"line":95,"column":2},"end":{"line":95,"column":43}},"36":{"start":{"line":96,"column":2},"end":{"line":96,"column":38}},"37":{"start":{"line":97,"column":2},"end":{"line":97,"column":46}},"38":{"start":{"line":100,"column":14},"end":{"line":100,"column":42}},"39":{"start":{"line":101,"column":2},"end":{"line":101,"column":32}},"40":{"start":{"line":103,"column":2},"end":{"line":103,"column":25}},"41":{"start":{"line":104,"column":2},"end":{"line":104,"column":30}},"42":{"start":{"line":105,"column":12},"end":{"line":105,"column":26}},"43":{"start":{"line":106,"column":2},"end":{"line":106,"column":27}},"44":{"start":{"line":107,"column":2},"end":{"line":107,"column":31}},"45":{"start":{"line":109,"column":15},"end":{"line":109,"column":26}},"46":{"start":{"line":110,"column":2},"end":{"line":110,"column":29}},"47":{"start":{"line":111,"column":2},"end":{"line":111,"column":35}},"48":{"start":{"line":113,"column":2},"end":{"line":113,"column":25}},"49":{"start":{"line":114,"column":2},"end":{"line":114,"column":27}},"50":{"start":{"line":119,"column":20},"end":{"line":119,"column":47}},"51":{"start":{"line":121,"column":2},"end":{"line":121,"column":19}},"52":{"start":{"line":125,"column":0},"end":{"line":125,"column":31}}},"fnMap":{"0":{"name":"(anonymous_0)","decl":{"start":{"line":9,"column":18},"end":{"line":9,"column":19}},"loc":{"start":{"line":9,"column":38},"end":{"line":122,"column":1}},"line":9}},"branchMap":{"0":{"loc":{"start":{"line":70,"column":2},"end":{"line":72,"column":3}},"type":"if","locations":[{"start":{"line":70,"column":2},"end":{"line":72,"column":3}},{"start":{},"end":{}}],"line":70}},"s":{"0":1,"1":1,"2":1,"3":1,"4":3,"5":3,"6":3,"7":3,"8":3,"9":3,"10":3,"11":3,"12":3,"13":3,"14":3,"15":3,"16":3,"17":3,"18":1,"19":3,"20":3,"21":3,"22":3,"23":3,"24":3,"25":3,"26":3,"27":3,"28":3,"29":3,"30":3,"31":3,"32":3,"33":3,"34":3,"35":3,"36":3,"37":3,"38":3,"39":3,"40":3,"41":3,"42":3,"43":3,"44":3,"45":3,"46":3,"47":3,"48":3,"49":3,"50":3,"51":3,"52":1},"f":{"0":3},"b":{"0":[1,2]},"_coverageSchema":"1a1c01bbd47fc00a2c39e90264f33305004495a9","hash":"17734cddd15c6e32218ecd46e88a3e8d742d6f06"}
,"C:\\Users\\lenovo\\Documents\\Hacktiv8\\PHASE-3\\nribun-BE\\server-postgre\\middlewares\\errorHandler.js": {"path":"C:\\Users\\lenovo\\Documents\\Hacktiv8\\PHASE-3\\nribun-BE\\server-postgre\\middlewares\\errorHandler.js","statementMap":{"0":{"start":{"line":1,"column":21},"end":{"line":18,"column":1}},"1":{"start":{"line":2,"column":13},"end":{"line":2,"column":16}},"2":{"start":{"line":3,"column":16},"end":{"line":3,"column":39}},"3":{"start":{"line":4,"column":2},"end":{"line":16,"column":3}},"4":{"start":{"line":5,"column":4},"end":{"line":6,"column":35}},"5":{"start":{"line":7,"column":8},"end":{"line":16,"column":3}},"6":{"start":{"line":8,"column":4},"end":{"line":9,"column":31}},"7":{"start":{"line":10,"column":8},"end":{"line":16,"column":3}},"8":{"start":{"line":11,"column":4},"end":{"line":12,"column":37}},"9":{"start":{"line":14,"column":4},"end":{"line":14,"column":14}},"10":{"start":{"line":15,"column":4},"end":{"line":15,"column":37}},"11":{"start":{"line":17,"column":2},"end":{"line":17,"column":34}},"12":{"start":{"line":20,"column":0},"end":{"line":20,"column":29}}},"fnMap":{"0":{"name":"(anonymous_0)","decl":{"start":{"line":1,"column":21},"end":{"line":1,"column":22}},"loc":{"start":{"line":1,"column":43},"end":{"line":18,"column":1}},"line":1}},"branchMap":{"0":{"loc":{"start":{"line":4,"column":2},"end":{"line":16,"column":3}},"type":"if","locations":[{"start":{"line":4,"column":2},"end":{"line":16,"column":3}},{"start":{"line":7,"column":8},"end":{"line":16,"column":3}}],"line":4},"1":{"loc":{"start":{"line":7,"column":8},"end":{"line":16,"column":3}},"type":"if","locations":[{"start":{"line":7,"column":8},"end":{"line":16,"column":3}},{"start":{"line":10,"column":8},"end":{"line":16,"column":3}}],"line":7},"2":{"loc":{"start":{"line":10,"column":8},"end":{"line":16,"column":3}},"type":"if","locations":[{"start":{"line":10,"column":8},"end":{"line":16,"column":3}},{"start":{"line":13,"column":8},"end":{"line":16,"column":3}}],"line":10}},"s":{"0":1,"1":24,"2":24,"3":24,"4":10,"5":14,"6":2,"7":12,"8":2,"9":10,"10":10,"11":24,"12":1},"f":{"0":24},"b":{"0":[10,14],"1":[2,12],"2":[2,10]},"_coverageSchema":"1a1c01bbd47fc00a2c39e90264f33305004495a9","hash":"e39885a803f5f037f729b9d7a6c247ecb3c9d0ad"}
,"C:\\Users\\lenovo\\Documents\\Hacktiv8\\PHASE-3\\nribun-BE\\server-postgre\\models\\index.js": {"path":"C:\\Users\\lenovo\\Documents\\Hacktiv8\\PHASE-3\\nribun-BE\\server-postgre\\models\\index.js","statementMap":{"0":{"start":{"line":3,"column":11},"end":{"line":3,"column":24}},"1":{"start":{"line":4,"column":13},"end":{"line":4,"column":28}},"2":{"start":{"line":5,"column":18},"end":{"line":5,"column":38}},"3":{"start":{"line":6,"column":16},"end":{"line":6,"column":34}},"4":{"start":{"line":7,"column":17},"end":{"line":7,"column":42}},"5":{"start":{"line":8,"column":12},"end":{"line":8,"column":49}},"6":{"start":{"line":9,"column":15},"end":{"line":9,"column":65}},"7":{"start":{"line":10,"column":11},"end":{"line":10,"column":13}},"8":{"start":{"line":13,"column":0},"end":{"line":17,"column":1}},"9":{"start":{"line":14,"column":2},"end":{"line":14,"column":74}},"10":{"start":{"line":16,"column":2},"end":{"line":16,"column":87}},"11":{"start":{"line":19,"column":0},"end":{"line":27,"column":5}},"12":{"start":{"line":22,"column":4},"end":{"line":22,"column":90}},"13":{"start":{"line":25,"column":18},"end":{"line":25,"column":85}},"14":{"start":{"line":26,"column":4},"end":{"line":26,"column":27}},"15":{"start":{"line":29,"column":0},"end":{"line":33,"column":3}},"16":{"start":{"line":30,"column":2},"end":{"line":32,"column":3}},"17":{"start":{"line":31,"column":4},"end":{"line":31,"column":32}},"18":{"start":{"line":35,"column":0},"end":{"line":35,"column":25}},"19":{"start":{"line":36,"column":0},"end":{"line":36,"column":25}},"20":{"start":{"line":38,"column":0},"end":{"line":38,"column":20}}},"fnMap":{"0":{"name":"(anonymous_0)","decl":{"start":{"line":21,"column":10},"end":{"line":21,"column":11}},"loc":{"start":{"line":21,"column":18},"end":{"line":23,"column":3}},"line":21},"1":{"name":"(anonymous_1)","decl":{"start":{"line":24,"column":11},"end":{"line":24,"column":12}},"loc":{"start":{"line":24,"column":19},"end":{"line":27,"column":3}},"line":24},"2":{"name":"(anonymous_2)","decl":{"start":{"line":29,"column":24},"end":{"line":29,"column":25}},"loc":{"start":{"line":29,"column":37},"end":{"line":33,"column":1}},"line":29}},"branchMap":{"0":{"loc":{"start":{"line":8,"column":12},"end":{"line":8,"column":49}},"type":"binary-expr","locations":[{"start":{"line":8,"column":12},"end":{"line":8,"column":32}},{"start":{"line":8,"column":36},"end":{"line":8,"column":49}}],"line":8},"1":{"loc":{"start":{"line":13,"column":0},"end":{"line":17,"column":1}},"type":"if","locations":[{"start":{"line":13,"column":0},"end":{"line":17,"column":1}},{"start":{"line":15,"column":7},"end":{"line":17,"column":1}}],"line":13},"2":{"loc":{"start":{"line":22,"column":11},"end":{"line":22,"column":89}},"type":"binary-expr","locations":[{"start":{"line":22,"column":12},"end":{"line":22,"column":35}},{"start":{"line":22,"column":41},"end":{"line":22,"column":58}},{"start":{"line":22,"column":64},"end":{"line":22,"column":88}}],"line":22},"3":{"loc":{"start":{"line":30,"column":2},"end":{"line":32,"column":3}},"type":"if","locations":[{"start":{"line":30,"column":2},"end":{"line":32,"column":3}},{"start":{},"end":{}}],"line":30}},"s":{"0":1,"1":1,"2":1,"3":1,"4":1,"5":1,"6":1,"7":1,"8":1,"9":0,"10":1,"11":1,"12":4,"13":3,"14":3,"15":1,"16":3,"17":3,"18":1,"19":1,"20":1},"f":{"0":4,"1":3,"2":3},"b":{"0":[1,0],"1":[0,1],"2":[4,4,3],"3":[3,0]},"_coverageSchema":"1a1c01bbd47fc00a2c39e90264f33305004495a9","hash":"80dad8b8dc1e36a81bac91ef3445d6f74655541c"}
,"C:\\Users\\lenovo\\Documents\\Hacktiv8\\PHASE-3\\nribun-BE\\server-postgre\\models\\match.js": {"path":"C:\\Users\\lenovo\\Documents\\Hacktiv8\\PHASE-3\\nribun-BE\\server-postgre\\models\\match.js","statementMap":{"0":{"start":{"line":4,"column":4},"end":{"line":4,"column":24}},"1":{"start":{"line":5,"column":0},"end":{"line":70,"column":2}},"2":{"start":{"line":14,"column":6},"end":{"line":14,"column":39}},"3":{"start":{"line":17,"column":2},"end":{"line":65,"column":5}},"4":{"start":{"line":66,"column":2},"end":{"line":68,"column":4}},"5":{"start":{"line":67,"column":4},"end":{"line":67,"column":45}},"6":{"start":{"line":69,"column":2},"end":{"line":69,"column":15}}},"fnMap":{"0":{"name":"(anonymous_0)","decl":{"start":{"line":5,"column":17},"end":{"line":5,"column":18}},"loc":{"start":{"line":5,"column":43},"end":{"line":70,"column":1}},"line":5},"1":{"name":"(anonymous_1)","decl":{"start":{"line":12,"column":4},"end":{"line":12,"column":5}},"loc":{"start":{"line":12,"column":29},"end":{"line":15,"column":5}},"line":12},"2":{"name":"(anonymous_2)","decl":{"start":{"line":66,"column":21},"end":{"line":66,"column":22}},"loc":{"start":{"line":66,"column":30},"end":{"line":68,"column":3}},"line":66}},"branchMap":{},"s":{"0":1,"1":1,"2":1,"3":1,"4":1,"5":3,"6":1},"f":{"0":1,"1":1,"2":3},"b":{},"_coverageSchema":"1a1c01bbd47fc00a2c39e90264f33305004495a9","hash":"4c401c0e5705f05fed7818a0ab10e48562dfa692"}
,"C:\\Users\\lenovo\\Documents\\Hacktiv8\\PHASE-3\\nribun-BE\\server-postgre\\models\\seat.js": {"path":"C:\\Users\\lenovo\\Documents\\Hacktiv8\\PHASE-3\\nribun-BE\\server-postgre\\models\\seat.js","statementMap":{"0":{"start":{"line":4,"column":4},"end":{"line":4,"column":24}},"1":{"start":{"line":5,"column":0},"end":{"line":25,"column":2}},"2":{"start":{"line":14,"column":6},"end":{"line":14,"column":40}},"3":{"start":{"line":17,"column":2},"end":{"line":23,"column":5}},"4":{"start":{"line":24,"column":2},"end":{"line":24,"column":14}}},"fnMap":{"0":{"name":"(anonymous_0)","decl":{"start":{"line":5,"column":17},"end":{"line":5,"column":18}},"loc":{"start":{"line":5,"column":43},"end":{"line":25,"column":1}},"line":5},"1":{"name":"(anonymous_1)","decl":{"start":{"line":12,"column":4},"end":{"line":12,"column":5}},"loc":{"start":{"line":12,"column":29},"end":{"line":15,"column":5}},"line":12}},"branchMap":{},"s":{"0":1,"1":1,"2":1,"3":1,"4":1},"f":{"0":1,"1":1},"b":{},"_coverageSchema":"1a1c01bbd47fc00a2c39e90264f33305004495a9","hash":"673b4875d81184b6586621ed38d23d89febfd530"}
,"C:\\Users\\lenovo\\Documents\\Hacktiv8\\PHASE-3\\nribun-BE\\server-postgre\\models\\transaction.js": {"path":"C:\\Users\\lenovo\\Documents\\Hacktiv8\\PHASE-3\\nribun-BE\\server-postgre\\models\\transaction.js","statementMap":{"0":{"start":{"line":4,"column":4},"end":{"line":4,"column":24}},"1":{"start":{"line":5,"column":0},"end":{"line":57,"column":2}},"2":{"start":{"line":14,"column":6},"end":{"line":14,"column":41}},"3":{"start":{"line":15,"column":6},"end":{"line":15,"column":38}},"4":{"start":{"line":18,"column":2},"end":{"line":55,"column":5}},"5":{"start":{"line":56,"column":2},"end":{"line":56,"column":21}}},"fnMap":{"0":{"name":"(anonymous_0)","decl":{"start":{"line":5,"column":17},"end":{"line":5,"column":18}},"loc":{"start":{"line":5,"column":43},"end":{"line":57,"column":1}},"line":5},"1":{"name":"(anonymous_1)","decl":{"start":{"line":12,"column":4},"end":{"line":12,"column":5}},"loc":{"start":{"line":12,"column":29},"end":{"line":16,"column":5}},"line":12}},"branchMap":{},"s":{"0":1,"1":1,"2":1,"3":1,"4":1,"5":1},"f":{"0":1,"1":1},"b":{},"_coverageSchema":"1a1c01bbd47fc00a2c39e90264f33305004495a9","hash":"ab2020e9c9c6f52a6170f0b8be663edd8db48bc1"}
,"C:\\Users\\lenovo\\Documents\\Hacktiv8\\PHASE-3\\nribun-BE\\server-postgre\\routes\\index.js": {"path":"C:\\Users\\lenovo\\Documents\\Hacktiv8\\PHASE-3\\nribun-BE\\server-postgre\\routes\\index.js","statementMap":{"0":{"start":{"line":1,"column":16},"end":{"line":1,"column":34}},"1":{"start":{"line":2,"column":15},"end":{"line":2,"column":31}},"2":{"start":{"line":3,"column":20},"end":{"line":3,"column":38}},"3":{"start":{"line":4,"column":26},"end":{"line":4,"column":50}},"4":{"start":{"line":6,"column":0},"end":{"line":6,"column":32}},"5":{"start":{"line":7,"column":0},"end":{"line":7,"column":38}},"6":{"start":{"line":9,"column":0},"end":{"line":9,"column":23}}},"fnMap":{},"branchMap":{},"s":{"0":1,"1":1,"2":1,"3":1,"4":1,"5":1,"6":1},"f":{},"b":{},"_coverageSchema":"1a1c01bbd47fc00a2c39e90264f33305004495a9","hash":"75e25355906e0366c537be479c5bc3e32b00c34e"}
,"C:\\Users\\lenovo\\Documents\\Hacktiv8\\PHASE-3\\nribun-BE\\server-postgre\\routes\\match.js": {"path":"C:\\Users\\lenovo\\Documents\\Hacktiv8\\PHASE-3\\nribun-BE\\server-postgre\\routes\\match.js","statementMap":{"0":{"start":{"line":1,"column":16},"end":{"line":1,"column":34}},"1":{"start":{"line":2,"column":15},"end":{"line":2,"column":31}},"2":{"start":{"line":3,"column":24},"end":{"line":3,"column":65}},"3":{"start":{"line":5,"column":0},"end":{"line":5,"column":40}},"4":{"start":{"line":6,"column":0},"end":{"line":6,"column":45}},"5":{"start":{"line":7,"column":0},"end":{"line":7,"column":47}},"6":{"start":{"line":8,"column":0},"end":{"line":8,"column":49}},"7":{"start":{"line":9,"column":0},"end":{"line":9,"column":53}},"8":{"start":{"line":11,"column":0},"end":{"line":11,"column":23}}},"fnMap":{},"branchMap":{},"s":{"0":1,"1":1,"2":1,"3":1,"4":1,"5":1,"6":1,"7":1,"8":1},"f":{},"b":{},"_coverageSchema":"1a1c01bbd47fc00a2c39e90264f33305004495a9","hash":"bc81ccbb33751d9c723676ce6f22fcca4f1d9f4e"}
,"C:\\Users\\lenovo\\Documents\\Hacktiv8\\PHASE-3\\nribun-BE\\server-postgre\\routes\\transaction.js": {"path":"C:\\Users\\lenovo\\Documents\\Hacktiv8\\PHASE-3\\nribun-BE\\server-postgre\\routes\\transaction.js","statementMap":{"0":{"start":{"line":1,"column":16},"end":{"line":1,"column":34}},"1":{"start":{"line":2,"column":15},"end":{"line":2,"column":31}},"2":{"start":{"line":3,"column":30},"end":{"line":3,"column":77}},"3":{"start":{"line":5,"column":0},"end":{"line":5,"column":61}},"4":{"start":{"line":6,"column":0},"end":{"line":6,"column":48}},"5":{"start":{"line":7,"column":0},"end":{"line":7,"column":53}},"6":{"start":{"line":8,"column":0},"end":{"line":8,"column":60}},"7":{"start":{"line":9,"column":0},"end":{"line":9,"column":67}},"8":{"start":{"line":10,"column":0},"end":{"line":10,"column":71}},"9":{"start":{"line":15,"column":0},"end":{"line":15,"column":23}}},"fnMap":{},"branchMap":{},"s":{"0":1,"1":1,"2":1,"3":1,"4":1,"5":1,"6":1,"7":1,"8":1,"9":1},"f":{},"b":{},"_coverageSchema":"1a1c01bbd47fc00a2c39e90264f33305004495a9","hash":"cbeb040b4e3e15b96254233e430bfa594084823b"}
}
