TN:
SF:app.js
FNF:0
FNH:0
DA:1,1
DA:2,1
DA:3,1
DA:4,1
DA:5,1
DA:6,1
DA:8,1
DA:9,1
DA:10,1
DA:11,1
DA:12,1
DA:15,1
LF:12
LH:12
BRDA:1,0,0,1
BRDA:1,0,1,0
BRF:2
BRH:1
end_of_record
TN:
SF:controllers\matchController.js
FN:4,(anonymous_0)
FN:14,(anonymous_1)
FN:28,(anonymous_2)
FN:40,(anonymous_3)
FN:49,(anonymous_4)
FNF:5
FNH:5
FNDA:2,(anonymous_0)
FNDA:2,(anonymous_1)
FNDA:3,(anonymous_2)
FNDA:8,(anonymous_3)
FNDA:3,(anonymous_4)
DA:1,1
DA:5,2
DA:6,2
DA:9,1
DA:11,1
DA:15,2
DA:16,2
DA:23,1
DA:25,1
DA:29,3
DA:30,3
DA:31,3
DA:32,2
DA:33,1
DA:35,1
DA:37,2
DA:41,8
DA:42,8
DA:43,8
DA:44,1
DA:46,7
DA:50,3
DA:51,3
DA:52,3
DA:53,3
DA:54,3
DA:55,1
DA:57,2
DA:62,1
DA:64,2
DA:69,1
LF:31
LH:31
BRDA:32,0,0,1
BRDA:32,0,1,1
BRDA:54,1,0,1
BRDA:54,1,1,2
BRF:4
BRH:4
end_of_record
TN:
SF:controllers\transactionController.js
FN:6,(anonymous_0)
FN:11,(anonymous_1)
FN:22,(anonymous_2)
FN:33,(anonymous_3)
FN:48,(anonymous_4)
FN:62,(anonymous_5)
FN:94,(anonymous_6)
FNF:7
FNH:7
FNDA:6,(anonymous_0)
FNDA:3,(anonymous_1)
FNDA:2,(anonymous_2)
FNDA:2,(anonymous_3)
FNDA:3,(anonymous_4)
FNDA:2,(anonymous_5)
FNDA:3,(anonymous_6)
DA:1,1
DA:2,1
DA:3,1
DA:7,6
DA:8,6
DA:9,6
DA:10,6
DA:11,1
DA:12,3
DA:14,1
DA:15,1
DA:16,1
DA:18,5
DA:19,5
DA:23,2
DA:24,2
DA:28,1
DA:30,1
DA:34,2
DA:35,2
DA:36,2
DA:43,1
DA:45,1
DA:49,3
DA:50,3
DA:51,3
DA:54,2
DA:55,1
DA:57,1
DA:59,2
DA:63,2
DA:64,2
DA:65,2
DA:66,2
DA:67,1
DA:69,1
DA:70,1
DA:71,1
DA:75,1
DA:86,1
DA:87,1
DA:88,1
DA:90,1
DA:95,3
DA:96,3
DA:97,3
DA:98,3
DA:99,2
DA:105,1
DA:112,1
DA:114,1
DA:117,1
DA:123,1
LF:53
LH:53
BRDA:54,0,0,1
BRDA:54,0,1,1
BRDA:66,1,0,1
BRDA:66,1,1,1
BRDA:98,2,0,2
BRDA:98,2,1,1
BRDA:98,3,0,3
BRDA:98,3,1,3
BRF:8
BRH:8
end_of_record
TN:
SF:helpers\nodemailer.js
FN:5,processPayment
FNF:1
FNH:1
FNDA:2,processPayment
DA:1,1
DA:2,1
DA:7,2
DA:17,2
DA:19,2
DA:30,2
DA:31,2
DA:35,2
DA:38,1
LF:9
LH:9
BRF:0
BRH:0
end_of_record
TN:
SF:helpers\pdfjs.js
FN:9,(anonymous_0)
FN:13,(anonymous_1)
FN:30,createHeaders
FNF:3
FNH:3
FNDA:2,(anonymous_0)
FNDA:2,(anonymous_1)
FNDA:2,createHeaders
DA:1,1
DA:2,1
DA:5,1
DA:9,1
DA:11,2
DA:13,2
DA:14,2
DA:15,2
DA:23,2
DA:24,10
DA:25,10
DA:27,2
DA:31,2
DA:32,2
DA:33,14
DA:42,2
DA:45,2
DA:55,2
DA:56,2
DA:58,2
DA:60,2
DA:61,2
DA:62,2
DA:63,2
DA:65,2
DA:66,2
DA:68,2
DA:69,2
DA:70,2
DA:72,2
DA:73,2
DA:75,2
DA:76,2
DA:78,2
DA:79,2
DA:81,2
DA:83,2
DA:85,2
DA:89,1
LF:39
LH:39
BRF:0
BRH:0
end_of_record
TN:
SF:middlewares\errorHandler.js
FN:1,(anonymous_0)
FNF:1
FNH:1
FNDA:24,(anonymous_0)
DA:1,1
DA:2,24
DA:3,24
DA:4,24
DA:5,10
DA:7,14
DA:8,2
DA:10,12
DA:11,2
DA:14,10
DA:15,10
DA:17,24
DA:20,1
LF:13
LH:13
BRDA:4,0,0,10
BRDA:4,0,1,14
BRDA:7,1,0,2
BRDA:7,1,1,12
BRDA:10,2,0,2
BRDA:10,2,1,10
BRF:6
BRH:6
end_of_record
TN:
SF:models\index.js
FN:21,(anonymous_0)
FN:24,(anonymous_1)
FN:29,(anonymous_2)
FNF:3
FNH:3
FNDA:4,(anonymous_0)
FNDA:3,(anonymous_1)
FNDA:3,(anonymous_2)
DA:3,1
DA:4,1
DA:5,1
DA:6,1
DA:7,1
DA:8,1
DA:9,1
DA:10,1
DA:13,1
DA:14,0
DA:16,1
DA:19,1
DA:22,4
DA:25,3
DA:26,3
DA:29,1
DA:30,3
DA:31,3
DA:35,1
DA:36,1
DA:38,1
LF:21
LH:20
BRDA:8,0,0,1
BRDA:8,0,1,0
BRDA:13,1,0,0
BRDA:13,1,1,1
BRDA:22,2,0,4
BRDA:22,2,1,4
BRDA:22,2,2,3
BRDA:30,3,0,3
BRDA:30,3,1,0
BRF:9
BRH:6
end_of_record
TN:
SF:models\match.js
FN:5,(anonymous_0)
FN:12,(anonymous_1)
FN:66,(anonymous_2)
FNF:3
FNH:3
FNDA:1,(anonymous_0)
FNDA:1,(anonymous_1)
FNDA:3,(anonymous_2)
DA:4,1
DA:5,1
DA:14,1
DA:17,1
DA:66,1
DA:67,3
DA:69,1
LF:7
LH:7
BRF:0
BRH:0
end_of_record
TN:
SF:models\seat.js
FN:5,(anonymous_0)
FN:12,(anonymous_1)
FNF:2
FNH:2
FNDA:1,(anonymous_0)
FNDA:1,(anonymous_1)
DA:4,1
DA:5,1
DA:14,1
DA:17,1
DA:24,1
LF:5
LH:5
BRF:0
BRH:0
end_of_record
TN:
SF:models\transaction.js
FN:5,(anonymous_0)
FN:12,(anonymous_1)
FNF:2
FNH:2
FNDA:1,(anonymous_0)
FNDA:1,(anonymous_1)
DA:4,1
DA:5,1
DA:14,1
DA:15,1
DA:18,1
DA:56,1
LF:6
LH:6
BRF:0
BRH:0
end_of_record
TN:
SF:routes\index.js
FNF:0
FNH:0
DA:1,1
DA:2,1
DA:3,1
DA:4,1
DA:6,1
DA:7,1
DA:9,1
LF:7
LH:7
BRF:0
BRH:0
end_of_record
TN:
SF:routes\match.js
FNF:0
FNH:0
DA:1,1
DA:2,1
DA:3,1
DA:5,1
DA:6,1
DA:7,1
DA:8,1
DA:9,1
DA:11,1
LF:9
LH:9
BRF:0
BRH:0
end_of_record
TN:
SF:routes\transaction.js
FNF:0
FNH:0
DA:1,1
DA:2,1
DA:3,1
DA:5,1
DA:6,1
DA:7,1
DA:8,1
DA:9,1
DA:10,1
DA:15,1
LF:10
LH:10
BRF:0
BRH:0
end_of_record
